2020/01/20 13:39:27 [error] [exception.CDbException] CDbException: CDbConnection failed to open the DB connection: SQLSTATE[HY000] [2002] No such file or directory in /Users/sem0026/Documents/WebServer/yii/framework/db/CDbConnection.php:399
Stack trace:
#0 /Users/sem0026/Documents/WebServer/yii/framework/db/CDbConnection.php(347): CDbConnection->open()
#1 /Users/sem0026/Documents/WebServer/yii/framework/db/CDbConnection.php(325): CDbConnection->setActive(true)
#2 /Users/sem0026/Documents/WebServer/yii/framework/base/CModule.php(394): CDbConnection->init()
#3 /Users/sem0026/Documents/WebServer/yii/framework/cli/commands/MigrateCommand.php(472): CModule->getComponent('db')
#4 /Users/sem0026/Documents/WebServer/yii/framework/cli/commands/MigrateCommand.php(481): MigrateCommand->getDbConnection()
#5 /Users/sem0026/Documents/WebServer/yii/framework/cli/commands/MigrateCommand.php(512): MigrateCommand->getMigrationHistory(-1)
#6 /Users/sem0026/Documents/WebServer/yii/framework/cli/commands/MigrateCommand.php(84): MigrateCommand->getNewMigrations()
#7 [internal function]: MigrateCommand->actionUp(Array)
#8 /Users/sem0026/Documents/WebServer/yii/framework/console/CConsoleCommand.php(172): ReflectionMethod->invokeArgs(Object(MigrateCommand), Array)
#9 /Users/sem0026/Documents/WebServer/yii/framework/console/CConsoleCommandRunner.php(71): CConsoleCommand->run(Array)
#10 /Users/sem0026/Documents/WebServer/yii/framework/console/CConsoleApplication.php(92): CConsoleCommandRunner->run(Array)
#11 /Users/sem0026/Documents/WebServer/yii/framework/base/CApplication.php(185): CConsoleApplication->processRequest()
#12 /Users/sem0026/Documents/WebServer/yii/framework/yiic.php(33): CApplication->run()
#13 /Users/sem0026/Documents/WebServer/yii/testdrive/protected/yiic.php(7): require_once('/Users/sem0026/...')
#14 /Users/sem0026/Documents/WebServer/yii/testdrive/protected/yiic(4): require_once('/Users/sem0026/...')
#15 {main}
---
2020/01/20 13:47:02 [error] [exception.CDbException] CDbException: CDbConnection failed to open the DB connection: SQLSTATE[HY000] [2002] No such file or directory in /Users/sem0026/Documents/WebServer/yii/framework/db/CDbConnection.php:399
Stack trace:
#0 /Users/sem0026/Documents/WebServer/yii/framework/db/CDbConnection.php(347): CDbConnection->open()
#1 /Users/sem0026/Documents/WebServer/yii/framework/db/CDbConnection.php(325): CDbConnection->setActive(true)
#2 /Users/sem0026/Documents/WebServer/yii/framework/base/CModule.php(394): CDbConnection->init()
#3 /Users/sem0026/Documents/WebServer/yii/framework/cli/commands/MigrateCommand.php(472): CModule->getComponent('db')
#4 /Users/sem0026/Documents/WebServer/yii/framework/cli/commands/MigrateCommand.php(481): MigrateCommand->getDbConnection()
#5 /Users/sem0026/Documents/WebServer/yii/framework/cli/commands/MigrateCommand.php(512): MigrateCommand->getMigrationHistory(-1)
#6 /Users/sem0026/Documents/WebServer/yii/framework/cli/commands/MigrateCommand.php(84): MigrateCommand->getNewMigrations()
#7 [internal function]: MigrateCommand->actionUp(Array)
#8 /Users/sem0026/Documents/WebServer/yii/framework/console/CConsoleCommand.php(172): ReflectionMethod->invokeArgs(Object(MigrateCommand), Array)
#9 /Users/sem0026/Documents/WebServer/yii/framework/console/CConsoleCommandRunner.php(71): CConsoleCommand->run(Array)
#10 /Users/sem0026/Documents/WebServer/yii/framework/console/CConsoleApplication.php(92): CConsoleCommandRunner->run(Array)
#11 /Users/sem0026/Documents/WebServer/yii/framework/base/CApplication.php(185): CConsoleApplication->processRequest()
#12 /Users/sem0026/Documents/WebServer/yii/framework/yiic.php(33): CApplication->run()
#13 /Users/sem0026/Documents/WebServer/yii/testdrive/protected/yiic.php(7): require_once('/Users/sem0026/...')
#14 /Users/sem0026/Documents/WebServer/yii/testdrive/protected/yiic(4): require_once('/Users/sem0026/...')
#15 {main}
---
2020/01/20 13:48:40 [error] [system.db.CDbCommand] CDbCommand::fetchAll() failed: SQLSTATE[42S02]: Base table or view not found: 1146 Table 'yii.tbl_migration' doesn't exist. The SQL statement executed was: SHOW FULL COLUMNS FROM `tbl_migration`.
2020/01/21 06:22:19 [error] [system.db.CDbCommand] CDbCommand::execute() failed: SQLSTATE[42S02]: Base table or view not found: 1051 Unknown table 'yii.users'. The SQL statement executed was: DROP TABLE `users`.
2020/01/21 06:22:19 [error] [exception.CDbException] CDbException: CDbCommand failed to execute the SQL statement: SQLSTATE[42S02]: Base table or view not found: 1051 Unknown table 'yii.users'. The SQL statement executed was: DROP TABLE `users` in /Users/sem0026/Documents/WebServer/yii/framework/db/CDbCommand.php:358
Stack trace:
#0 /Users/sem0026/Documents/WebServer/yii/framework/db/CDbCommand.php(1375): CDbCommand->execute()
#1 /Users/sem0026/Documents/WebServer/yii/framework/db/CDbMigration.php(275): CDbCommand->dropTable('users')
#2 /Users/sem0026/Documents/WebServer/yii/testdrive/protected/migrations/m200120_134106_create_users_table.php(18): CDbMigration->dropTable('users')
#3 /Users/sem0026/Documents/WebServer/yii/framework/cli/commands/MigrateCommand.php(440): m200120_134106_create_users_table->down()
#4 /Users/sem0026/Documents/WebServer/yii/framework/cli/commands/MigrateCommand.php(145): MigrateCommand->migrateDown('m200120_134106_...')
#5 [internal function]: MigrateCommand->actionDown(Array)
#6 /Users/sem0026/Documents/WebServer/yii/framework/console/CConsoleCommand.php(172): ReflectionMethod->invokeArgs(Object(MigrateCommand), Array)
#7 /Users/sem0026/Documents/WebServer/yii/framework/console/CConsoleCommandRunner.php(71): CConsoleCommand->run(Array)
#8 /Users/sem0026/Documents/WebServer/yii/framework/console/CConsoleApplication.php(92): CConsoleCommandRunner->run(Array)
#9 /Users/sem0026/Documents/WebServer/yii/framework/base/CApplication.php(185): CConsoleApplication->processRequest()
#10 /Users/sem0026/Documents/WebServer/yii/framework/yiic.php(33): CApplication->run()
#11 /Users/sem0026/Documents/WebServer/yii/testdrive/protected/yiic.php(7): require_once('/Users/sem0026/...')
#12 /Users/sem0026/Documents/WebServer/yii/testdrive/protected/yiic(4): require_once('/Users/sem0026/...')
#13 {main}
---
2020/01/21 06:24:25 [error] [system.db.CDbCommand] CDbCommand::fetchAll() failed: SQLSTATE[42S02]: Base table or view not found: 1146 Table 'yii.tbl_migration' doesn't exist. The SQL statement executed was: SHOW FULL COLUMNS FROM `tbl_migration`.
2020/01/21 07:22:32 [error] [exception.CException] CException: CAssetManager.basePath "/Users/sem0026/Documents/WebServer/yii/testdrive/assets" is invalid. Please make sure the directory exists and is writable by the Web server process. in /Users/sem0026/Documents/WebServer/yii/framework/web/CAssetManager.php:138
Stack trace:
#0 /Users/sem0026/Documents/WebServer/yii/framework/web/CAssetManager.php(123): CAssetManager->setBasePath('/Users/sem0026/...')
#1 /Users/sem0026/Documents/WebServer/yii/framework/web/CAssetManager.php(217): CAssetManager->getBasePath()
#2 /Users/sem0026/Documents/WebServer/yii/framework/web/CClientScript.php(511): CAssetManager->publish('/Users/sem0026/...')
#3 /Users/sem0026/Documents/WebServer/yii/framework/web/CClientScript.php(548): CClientScript->getCoreScriptUrl()
#4 /Users/sem0026/Documents/WebServer/yii/framework/web/CClientScript.php(349): CClientScript->getPackageBaseUrl('jquery')
#5 /Users/sem0026/Documents/WebServer/yii/framework/web/CClientScript.php(208): CClientScript->renderCoreScripts()
#6 /Users/sem0026/Documents/WebServer/yii/framework/web/CController.php(352): CClientScript->render('<!DOCTYPE html>...')
#7 /Users/sem0026/Documents/WebServer/yii/framework/web/CController.php(791): CController->processOutput('<!DOCTYPE html>...')
#8 /Users/sem0026/Documents/WebServer/yii/testdrive/protected/controllers/SiteController.php(98): CController->render('login', Array)
#9 /Users/sem0026/Documents/WebServer/yii/framework/web/actions/CInlineAction.php(49): SiteController->actionLogin()
#10 /Users/sem0026/Documents/WebServer/yii/framework/web/CController.php(308): CInlineAction->runWithParams(Array)
#11 /Users/sem0026/Documents/WebServer/yii/framework/web/CController.php(286): CController->runAction(Object(CInlineAction))
#12 /Users/sem0026/Documents/WebServer/yii/framework/web/CController.php(265): CController->runActionWithFilters(Object(CInlineAction), Array)
#13 /Users/sem0026/Documents/WebServer/yii/framework/web/CWebApplication.php(282): CController->run('login')
#14 /Users/sem0026/Documents/WebServer/yii/framework/web/CWebApplication.php(141): CWebApplication->runController('site/login')
#15 /Users/sem0026/Documents/WebServer/yii/framework/base/CApplication.php(185): CWebApplication->processRequest()
#16 /Users/sem0026/Documents/WebServer/yii/testdrive/index.php(13): CApplication->run()
#17 {main}
REQUEST_URI=/?r=site/login
HTTP_REFERER=http://test.localhost/index.php
---
2020/01/21 07:38:46 [error] [exception.CException] CException: Property "User.rememberMe" is not defined. in /Users/sem0026/Documents/WebServer/yii/framework/base/CComponent.php:130
Stack trace:
#0 /Users/sem0026/Documents/WebServer/yii/framework/db/ar/CActiveRecord.php(145): CComponent->__get('rememberMe')
#1 /Users/sem0026/Documents/WebServer/yii/testdrive/protected/models/User.php(81): CActiveRecord->__get('rememberMe')
#2 /Users/sem0026/Documents/WebServer/yii/testdrive/protected/controllers/SiteController.php(87): User->login()
#3 /Users/sem0026/Documents/WebServer/yii/framework/web/actions/CInlineAction.php(49): SiteController->actionLogin()
#4 /Users/sem0026/Documents/WebServer/yii/framework/web/CController.php(308): CInlineAction->runWithParams(Array)
#5 /Users/sem0026/Documents/WebServer/yii/framework/web/CController.php(286): CController->runAction(Object(CInlineAction))
#6 /Users/sem0026/Documents/WebServer/yii/framework/web/CController.php(265): CController->runActionWithFilters(Object(CInlineAction), Array)
#7 /Users/sem0026/Documents/WebServer/yii/framework/web/CWebApplication.php(282): CController->run('login')
#8 /Users/sem0026/Documents/WebServer/yii/framework/web/CWebApplication.php(141): CWebApplication->runController('site/login')
#9 /Users/sem0026/Documents/WebServer/yii/framework/base/CApplication.php(185): CWebApplication->processRequest()
#10 /Users/sem0026/Documents/WebServer/yii/testdrive/index.php(13): CApplication->run()
#11 {main}
REQUEST_URI=/?r=site/login
HTTP_REFERER=http://test.localhost/?r=site/login
---
2020/01/21 07:39:39 [error] [exception.CException] CException: Property "User.rememberMe" is not defined. in /Users/sem0026/Documents/WebServer/yii/framework/base/CComponent.php:130
Stack trace:
#0 /Users/sem0026/Documents/WebServer/yii/framework/db/ar/CActiveRecord.php(145): CComponent->__get('rememberMe')
#1 /Users/sem0026/Documents/WebServer/yii/testdrive/protected/models/User.php(81): CActiveRecord->__get('rememberMe')
#2 /Users/sem0026/Documents/WebServer/yii/testdrive/protected/controllers/SiteController.php(87): User->login()
#3 /Users/sem0026/Documents/WebServer/yii/framework/web/actions/CInlineAction.php(49): SiteController->actionLogin()
#4 /Users/sem0026/Documents/WebServer/yii/framework/web/CController.php(308): CInlineAction->runWithParams(Array)
#5 /Users/sem0026/Documents/WebServer/yii/framework/web/CController.php(286): CController->runAction(Object(CInlineAction))
#6 /Users/sem0026/Documents/WebServer/yii/framework/web/CController.php(265): CController->runActionWithFilters(Object(CInlineAction), Array)
#7 /Users/sem0026/Documents/WebServer/yii/framework/web/CWebApplication.php(282): CController->run('login')
#8 /Users/sem0026/Documents/WebServer/yii/framework/web/CWebApplication.php(141): CWebApplication->runController('site/login')
#9 /Users/sem0026/Documents/WebServer/yii/framework/base/CApplication.php(185): CWebApplication->processRequest()
#10 /Users/sem0026/Documents/WebServer/yii/testdrive/index.php(13): CApplication->run()
#11 {main}
REQUEST_URI=/?r=site/login
HTTP_REFERER=http://test.localhost/?r=site/login
---
2020/01/21 07:40:16 [error] [exception.CException] CException: Property "CWebUser.username" is not defined. in /Users/sem0026/Documents/WebServer/yii/framework/base/CComponent.php:130
Stack trace:
#0 /Users/sem0026/Documents/WebServer/yii/framework/web/auth/CWebUser.php(146): CComponent->__get('username')
#1 /Users/sem0026/Documents/WebServer/yii/testdrive/protected/views/layouts/main.php(53): CWebUser->__get('username')
#2 /Users/sem0026/Documents/WebServer/yii/framework/web/CBaseController.php(126): require('/Users/sem0026/...')
#3 /Users/sem0026/Documents/WebServer/yii/framework/web/CBaseController.php(95): CBaseController->renderInternal('/Users/sem0026/...', Array, true)
#4 /Users/sem0026/Documents/WebServer/yii/framework/web/widgets/CContentDecorator.php(76): CBaseController->renderFile('/Users/sem0026/...', Array, true)
#5 /Users/sem0026/Documents/WebServer/yii/framework/web/widgets/CContentDecorator.php(54): CContentDecorator->decorate('<div id="conten...')
#6 /Users/sem0026/Documents/WebServer/yii/framework/web/widgets/COutputProcessor.php(44): CContentDecorator->processOutput('<div id="conten...')
#7 /Users/sem0026/Documents/WebServer/yii/framework/web/CBaseController.php(215): COutputProcessor->run()
#8 /Users/sem0026/Documents/WebServer/yii/framework/web/CBaseController.php(309): CBaseController->endWidget('CContentDecorat...')
#9 /Users/sem0026/Documents/WebServer/yii/testdrive/protected/views/layouts/column1.php(6): CBaseController->endContent()
#10 /Users/sem0026/Documents/WebServer/yii/framework/web/CBaseController.php(126): require('/Users/sem0026/...')
#11 /Users/sem0026/Documents/WebServer/yii/framework/web/CBaseController.php(95): CBaseController->renderInternal('/Users/sem0026/...', Array, true)
#12 /Users/sem0026/Documents/WebServer/yii/framework/web/CController.php(787): CBaseController->renderFile('/Users/sem0026/...', Array, true)
#13 /Users/sem0026/Documents/WebServer/yii/testdrive/protected/controllers/SiteController.php(32): CController->render('index')
#14 /Users/sem0026/Documents/WebServer/yii/framework/web/actions/CInlineAction.php(49): SiteController->actionIndex()
#15 /Users/sem0026/Documents/WebServer/yii/framework/web/CController.php(308): CInlineAction->runWithParams(Array)
#16 /Users/sem0026/Documents/WebServer/yii/framework/web/CController.php(286): CController->runAction(Object(CInlineAction))
#17 /Users/sem0026/Documents/WebServer/yii/framework/web/CController.php(265): CController->runActionWithFilters(Object(CInlineAction), Array)
#18 /Users/sem0026/Documents/WebServer/yii/framework/web/CWebApplication.php(282): CController->run('')
#19 /Users/sem0026/Documents/WebServer/yii/framework/web/CWebApplication.php(141): CWebApplication->runController('')
#20 /Users/sem0026/Documents/WebServer/yii/framework/base/CApplication.php(185): CWebApplication->processRequest()
#21 /Users/sem0026/Documents/WebServer/yii/testdrive/index.php(13): CApplication->run()
#22 {main}
REQUEST_URI=/index.php
HTTP_REFERER=http://test.localhost/?r=site/login
---
2020/01/21 07:46:38 [error] [exception.CException] CException: User and its behaviors do not have a method or closure named "validatePassword". in /Users/sem0026/Documents/WebServer/yii/framework/base/CComponent.php:266
Stack trace:
#0 /Users/sem0026/Documents/WebServer/yii/framework/db/ar/CActiveRecord.php(229): CComponent->__call('validatePasswor...', Array)
#1 /Users/sem0026/Documents/WebServer/yii/testdrive/protected/components/UserIdentity.php(20): CActiveRecord->__call('validatePasswor...', Array)
#2 /Users/sem0026/Documents/WebServer/yii/testdrive/protected/models/User.php(76): UserIdentity->authenticate()
#3 /Users/sem0026/Documents/WebServer/yii/testdrive/protected/controllers/SiteController.php(87): User->login()
#4 /Users/sem0026/Documents/WebServer/yii/framework/web/actions/CInlineAction.php(49): SiteController->actionLogin()
#5 /Users/sem0026/Documents/WebServer/yii/framework/web/CController.php(308): CInlineAction->runWithParams(Array)
#6 /Users/sem0026/Documents/WebServer/yii/framework/web/CController.php(286): CController->runAction(Object(CInlineAction))
#7 /Users/sem0026/Documents/WebServer/yii/framework/web/CController.php(265): CController->runActionWithFilters(Object(CInlineAction), Array)
#8 /Users/sem0026/Documents/WebServer/yii/framework/web/CWebApplication.php(282): CController->run('login')
#9 /Users/sem0026/Documents/WebServer/yii/framework/web/CWebApplication.php(141): CWebApplication->runController('site/login')
#10 /Users/sem0026/Documents/WebServer/yii/framework/base/CApplication.php(185): CWebApplication->processRequest()
#11 /Users/sem0026/Documents/WebServer/yii/testdrive/index.php(13): CApplication->run()
#12 {main}
REQUEST_URI=/?r=site/login
HTTP_REFERER=http://test.localhost/?r=site/login
---
2020/01/21 07:52:50 [error] [exception.CException] CException: Property "CWebUser.username" is not defined. in /Users/sem0026/Documents/WebServer/yii/framework/base/CComponent.php:130
Stack trace:
#0 /Users/sem0026/Documents/WebServer/yii/framework/web/auth/CWebUser.php(146): CComponent->__get('username')
#1 /Users/sem0026/Documents/WebServer/yii/testdrive/protected/views/layouts/main.php(53): CWebUser->__get('username')
#2 /Users/sem0026/Documents/WebServer/yii/framework/web/CBaseController.php(126): require('/Users/sem0026/...')
#3 /Users/sem0026/Documents/WebServer/yii/framework/web/CBaseController.php(95): CBaseController->renderInternal('/Users/sem0026/...', Array, true)
#4 /Users/sem0026/Documents/WebServer/yii/framework/web/widgets/CContentDecorator.php(76): CBaseController->renderFile('/Users/sem0026/...', Array, true)
#5 /Users/sem0026/Documents/WebServer/yii/framework/web/widgets/CContentDecorator.php(54): CContentDecorator->decorate('<div id="conten...')
#6 /Users/sem0026/Documents/WebServer/yii/framework/web/widgets/COutputProcessor.php(44): CContentDecorator->processOutput('<div id="conten...')
#7 /Users/sem0026/Documents/WebServer/yii/framework/web/CBaseController.php(215): COutputProcessor->run()
#8 /Users/sem0026/Documents/WebServer/yii/framework/web/CBaseController.php(309): CBaseController->endWidget('CContentDecorat...')
#9 /Users/sem0026/Documents/WebServer/yii/testdrive/protected/views/layouts/column1.php(6): CBaseController->endContent()
#10 /Users/sem0026/Documents/WebServer/yii/framework/web/CBaseController.php(126): require('/Users/sem0026/...')
#11 /Users/sem0026/Documents/WebServer/yii/framework/web/CBaseController.php(95): CBaseController->renderInternal('/Users/sem0026/...', Array, true)
#12 /Users/sem0026/Documents/WebServer/yii/framework/web/CController.php(787): CBaseController->renderFile('/Users/sem0026/...', Array, true)
#13 /Users/sem0026/Documents/WebServer/yii/testdrive/protected/controllers/SiteController.php(32): CController->render('index')
#14 /Users/sem0026/Documents/WebServer/yii/framework/web/actions/CInlineAction.php(49): SiteController->actionIndex()
#15 /Users/sem0026/Documents/WebServer/yii/framework/web/CController.php(308): CInlineAction->runWithParams(Array)
#16 /Users/sem0026/Documents/WebServer/yii/framework/web/CController.php(286): CController->runAction(Object(CInlineAction))
#17 /Users/sem0026/Documents/WebServer/yii/framework/web/CController.php(265): CController->runActionWithFilters(Object(CInlineAction), Array)
#18 /Users/sem0026/Documents/WebServer/yii/framework/web/CWebApplication.php(282): CController->run('')
#19 /Users/sem0026/Documents/WebServer/yii/framework/web/CWebApplication.php(141): CWebApplication->runController('')
#20 /Users/sem0026/Documents/WebServer/yii/framework/base/CApplication.php(185): CWebApplication->processRequest()
#21 /Users/sem0026/Documents/WebServer/yii/testdrive/index.php(13): CApplication->run()
#22 {main}
REQUEST_URI=/index.php
HTTP_REFERER=http://test.localhost/?r=site/login
---
2020/01/21 07:56:53 [error] [exception.CException] CException: Property "CWebUser.identity" is not defined. in /Users/sem0026/Documents/WebServer/yii/framework/base/CComponent.php:130
Stack trace:
#0 /Users/sem0026/Documents/WebServer/yii/framework/web/auth/CWebUser.php(146): CComponent->__get('identity')
#1 /Users/sem0026/Documents/WebServer/yii/testdrive/protected/views/layouts/main.php(53): CWebUser->__get('identity')
#2 /Users/sem0026/Documents/WebServer/yii/framework/web/CBaseController.php(126): require('/Users/sem0026/...')
#3 /Users/sem0026/Documents/WebServer/yii/framework/web/CBaseController.php(95): CBaseController->renderInternal('/Users/sem0026/...', Array, true)
#4 /Users/sem0026/Documents/WebServer/yii/framework/web/widgets/CContentDecorator.php(76): CBaseController->renderFile('/Users/sem0026/...', Array, true)
#5 /Users/sem0026/Documents/WebServer/yii/framework/web/widgets/CContentDecorator.php(54): CContentDecorator->decorate('<div id="conten...')
#6 /Users/sem0026/Documents/WebServer/yii/framework/web/widgets/COutputProcessor.php(44): CContentDecorator->processOutput('<div id="conten...')
#7 /Users/sem0026/Documents/WebServer/yii/framework/web/CBaseController.php(215): COutputProcessor->run()
#8 /Users/sem0026/Documents/WebServer/yii/framework/web/CBaseController.php(309): CBaseController->endWidget('CContentDecorat...')
#9 /Users/sem0026/Documents/WebServer/yii/testdrive/protected/views/layouts/column1.php(6): CBaseController->endContent()
#10 /Users/sem0026/Documents/WebServer/yii/framework/web/CBaseController.php(126): require('/Users/sem0026/...')
#11 /Users/sem0026/Documents/WebServer/yii/framework/web/CBaseController.php(95): CBaseController->renderInternal('/Users/sem0026/...', Array, true)
#12 /Users/sem0026/Documents/WebServer/yii/framework/web/CController.php(787): CBaseController->renderFile('/Users/sem0026/...', Array, true)
#13 /Users/sem0026/Documents/WebServer/yii/testdrive/protected/controllers/SiteController.php(32): CController->render('index')
#14 /Users/sem0026/Documents/WebServer/yii/framework/web/actions/CInlineAction.php(49): SiteController->actionIndex()
#15 /Users/sem0026/Documents/WebServer/yii/framework/web/CController.php(308): CInlineAction->runWithParams(Array)
#16 /Users/sem0026/Documents/WebServer/yii/framework/web/CController.php(286): CController->runAction(Object(CInlineAction))
#17 /Users/sem0026/Documents/WebServer/yii/framework/web/CController.php(265): CController->runActionWithFilters(Object(CInlineAction), Array)
#18 /Users/sem0026/Documents/WebServer/yii/framework/web/CWebApplication.php(282): CController->run('')
#19 /Users/sem0026/Documents/WebServer/yii/framework/web/CWebApplication.php(141): CWebApplication->runController('')
#20 /Users/sem0026/Documents/WebServer/yii/framework/base/CApplication.php(185): CWebApplication->processRequest()
#21 /Users/sem0026/Documents/WebServer/yii/testdrive/index.php(13): CApplication->run()
#22 {main}
REQUEST_URI=/index.php
---
2020/01/21 07:56:59 [error] [exception.CException] CException: Property "CWebUser.identity" is not defined. in /Users/sem0026/Documents/WebServer/yii/framework/base/CComponent.php:130
Stack trace:
#0 /Users/sem0026/Documents/WebServer/yii/framework/web/auth/CWebUser.php(146): CComponent->__get('identity')
#1 /Users/sem0026/Documents/WebServer/yii/testdrive/protected/views/layouts/main.php(53): CWebUser->__get('identity')
#2 /Users/sem0026/Documents/WebServer/yii/framework/web/CBaseController.php(126): require('/Users/sem0026/...')
#3 /Users/sem0026/Documents/WebServer/yii/framework/web/CBaseController.php(95): CBaseController->renderInternal('/Users/sem0026/...', Array, true)
#4 /Users/sem0026/Documents/WebServer/yii/framework/web/widgets/CContentDecorator.php(76): CBaseController->renderFile('/Users/sem0026/...', Array, true)
#5 /Users/sem0026/Documents/WebServer/yii/framework/web/widgets/CContentDecorator.php(54): CContentDecorator->decorate('<div id="conten...')
#6 /Users/sem0026/Documents/WebServer/yii/framework/web/widgets/COutputProcessor.php(44): CContentDecorator->processOutput('<div id="conten...')
#7 /Users/sem0026/Documents/WebServer/yii/framework/web/CBaseController.php(215): COutputProcessor->run()
#8 /Users/sem0026/Documents/WebServer/yii/framework/web/CBaseController.php(309): CBaseController->endWidget('CContentDecorat...')
#9 /Users/sem0026/Documents/WebServer/yii/testdrive/protected/views/layouts/column1.php(6): CBaseController->endContent()
#10 /Users/sem0026/Documents/WebServer/yii/framework/web/CBaseController.php(126): require('/Users/sem0026/...')
#11 /Users/sem0026/Documents/WebServer/yii/framework/web/CBaseController.php(95): CBaseController->renderInternal('/Users/sem0026/...', Array, true)
#12 /Users/sem0026/Documents/WebServer/yii/framework/web/CController.php(787): CBaseController->renderFile('/Users/sem0026/...', Array, true)
#13 /Users/sem0026/Documents/WebServer/yii/testdrive/protected/controllers/SiteController.php(32): CController->render('index')
#14 /Users/sem0026/Documents/WebServer/yii/framework/web/actions/CInlineAction.php(49): SiteController->actionIndex()
#15 /Users/sem0026/Documents/WebServer/yii/framework/web/CController.php(308): CInlineAction->runWithParams(Array)
#16 /Users/sem0026/Documents/WebServer/yii/framework/web/CController.php(286): CController->runAction(Object(CInlineAction))
#17 /Users/sem0026/Documents/WebServer/yii/framework/web/CController.php(265): CController->runActionWithFilters(Object(CInlineAction), Array)
#18 /Users/sem0026/Documents/WebServer/yii/framework/web/CWebApplication.php(282): CController->run('')
#19 /Users/sem0026/Documents/WebServer/yii/framework/web/CWebApplication.php(141): CWebApplication->runController('')
#20 /Users/sem0026/Documents/WebServer/yii/framework/base/CApplication.php(185): CWebApplication->processRequest()
#21 /Users/sem0026/Documents/WebServer/yii/testdrive/index.php(13): CApplication->run()
#22 {main}
REQUEST_URI=/index.php
HTTP_REFERER=http://test.localhost/?r=site/login
---
2020/01/21 08:01:54 [error] [exception.CException] CException: Property "CWebUser.identity" is not defined. in /Users/sem0026/Documents/WebServer/yii/framework/base/CComponent.php:130
Stack trace:
#0 /Users/sem0026/Documents/WebServer/yii/framework/web/auth/CWebUser.php(146): CComponent->__get('identity')
#1 /Users/sem0026/Documents/WebServer/yii/testdrive/protected/views/layouts/main.php(53): CWebUser->__get('identity')
#2 /Users/sem0026/Documents/WebServer/yii/framework/web/CBaseController.php(126): require('/Users/sem0026/...')
#3 /Users/sem0026/Documents/WebServer/yii/framework/web/CBaseController.php(95): CBaseController->renderInternal('/Users/sem0026/...', Array, true)
#4 /Users/sem0026/Documents/WebServer/yii/framework/web/widgets/CContentDecorator.php(76): CBaseController->renderFile('/Users/sem0026/...', Array, true)
#5 /Users/sem0026/Documents/WebServer/yii/framework/web/widgets/CContentDecorator.php(54): CContentDecorator->decorate('<div id="conten...')
#6 /Users/sem0026/Documents/WebServer/yii/framework/web/widgets/COutputProcessor.php(44): CContentDecorator->processOutput('<div id="conten...')
#7 /Users/sem0026/Documents/WebServer/yii/framework/web/CBaseController.php(215): COutputProcessor->run()
#8 /Users/sem0026/Documents/WebServer/yii/framework/web/CBaseController.php(309): CBaseController->endWidget('CContentDecorat...')
#9 /Users/sem0026/Documents/WebServer/yii/testdrive/protected/views/layouts/column1.php(6): CBaseController->endContent()
#10 /Users/sem0026/Documents/WebServer/yii/framework/web/CBaseController.php(126): require('/Users/sem0026/...')
#11 /Users/sem0026/Documents/WebServer/yii/framework/web/CBaseController.php(95): CBaseController->renderInternal('/Users/sem0026/...', Array, true)
#12 /Users/sem0026/Documents/WebServer/yii/framework/web/CController.php(787): CBaseController->renderFile('/Users/sem0026/...', Array, true)
#13 /Users/sem0026/Documents/WebServer/yii/testdrive/protected/controllers/SiteController.php(32): CController->render('index')
#14 /Users/sem0026/Documents/WebServer/yii/framework/web/actions/CInlineAction.php(49): SiteController->actionIndex()
#15 /Users/sem0026/Documents/WebServer/yii/framework/web/CController.php(308): CInlineAction->runWithParams(Array)
#16 /Users/sem0026/Documents/WebServer/yii/framework/web/CController.php(286): CController->runAction(Object(CInlineAction))
#17 /Users/sem0026/Documents/WebServer/yii/framework/web/CController.php(265): CController->runActionWithFilters(Object(CInlineAction), Array)
#18 /Users/sem0026/Documents/WebServer/yii/framework/web/CWebApplication.php(282): CController->run('')
#19 /Users/sem0026/Documents/WebServer/yii/framework/web/CWebApplication.php(141): CWebApplication->runController('')
#20 /Users/sem0026/Documents/WebServer/yii/framework/base/CApplication.php(185): CWebApplication->processRequest()
#21 /Users/sem0026/Documents/WebServer/yii/testdrive/index.php(13): CApplication->run()
#22 {main}
REQUEST_URI=/index.php
HTTP_REFERER=http://test.localhost/?r=site/login
---
2020/01/21 08:02:22 [error] [exception.CException] CException: Property "CWebUser.username" is not defined. in /Users/sem0026/Documents/WebServer/yii/framework/base/CComponent.php:130
Stack trace:
#0 /Users/sem0026/Documents/WebServer/yii/framework/web/auth/CWebUser.php(146): CComponent->__get('username')
#1 /Users/sem0026/Documents/WebServer/yii/testdrive/protected/views/layouts/main.php(53): CWebUser->__get('username')
#2 /Users/sem0026/Documents/WebServer/yii/framework/web/CBaseController.php(126): require('/Users/sem0026/...')
#3 /Users/sem0026/Documents/WebServer/yii/framework/web/CBaseController.php(95): CBaseController->renderInternal('/Users/sem0026/...', Array, true)
#4 /Users/sem0026/Documents/WebServer/yii/framework/web/widgets/CContentDecorator.php(76): CBaseController->renderFile('/Users/sem0026/...', Array, true)
#5 /Users/sem0026/Documents/WebServer/yii/framework/web/widgets/CContentDecorator.php(54): CContentDecorator->decorate('<div id="conten...')
#6 /Users/sem0026/Documents/WebServer/yii/framework/web/widgets/COutputProcessor.php(44): CContentDecorator->processOutput('<div id="conten...')
#7 /Users/sem0026/Documents/WebServer/yii/framework/web/CBaseController.php(215): COutputProcessor->run()
#8 /Users/sem0026/Documents/WebServer/yii/framework/web/CBaseController.php(309): CBaseController->endWidget('CContentDecorat...')
#9 /Users/sem0026/Documents/WebServer/yii/testdrive/protected/views/layouts/column1.php(6): CBaseController->endContent()
#10 /Users/sem0026/Documents/WebServer/yii/framework/web/CBaseController.php(126): require('/Users/sem0026/...')
#11 /Users/sem0026/Documents/WebServer/yii/framework/web/CBaseController.php(95): CBaseController->renderInternal('/Users/sem0026/...', Array, true)
#12 /Users/sem0026/Documents/WebServer/yii/framework/web/CController.php(787): CBaseController->renderFile('/Users/sem0026/...', Array, true)
#13 /Users/sem0026/Documents/WebServer/yii/testdrive/protected/controllers/SiteController.php(32): CController->render('index')
#14 /Users/sem0026/Documents/WebServer/yii/framework/web/actions/CInlineAction.php(49): SiteController->actionIndex()
#15 /Users/sem0026/Documents/WebServer/yii/framework/web/CController.php(308): CInlineAction->runWithParams(Array)
#16 /Users/sem0026/Documents/WebServer/yii/framework/web/CController.php(286): CController->runAction(Object(CInlineAction))
#17 /Users/sem0026/Documents/WebServer/yii/framework/web/CController.php(265): CController->runActionWithFilters(Object(CInlineAction), Array)
#18 /Users/sem0026/Documents/WebServer/yii/framework/web/CWebApplication.php(282): CController->run('')
#19 /Users/sem0026/Documents/WebServer/yii/framework/web/CWebApplication.php(141): CWebApplication->runController('')
#20 /Users/sem0026/Documents/WebServer/yii/framework/base/CApplication.php(185): CWebApplication->processRequest()
#21 /Users/sem0026/Documents/WebServer/yii/testdrive/index.php(13): CApplication->run()
#22 {main}
REQUEST_URI=/index.php
HTTP_REFERER=http://test.localhost/?r=site/login
---
2020/01/21 08:21:29 [error] [exception.CHttpException.404] CHttpException: The system is unable to find the requested action "register". in /Users/sem0026/Documents/WebServer/yii/framework/web/CController.php:486
Stack trace:
#0 /Users/sem0026/Documents/WebServer/yii/framework/web/CController.php(270): CController->missingAction('register')
#1 /Users/sem0026/Documents/WebServer/yii/framework/web/CWebApplication.php(282): CController->run('register')
#2 /Users/sem0026/Documents/WebServer/yii/framework/web/CWebApplication.php(141): CWebApplication->runController('site/register')
#3 /Users/sem0026/Documents/WebServer/yii/framework/base/CApplication.php(185): CWebApplication->processRequest()
#4 /Users/sem0026/Documents/WebServer/yii/testdrive/index.php(13): CApplication->run()
#5 {main}
REQUEST_URI=/?r=site/register
HTTP_REFERER=http://test.localhost/?r=site/login
---
2020/01/21 09:27:37 [error] [php] Invalid argument supplied for foreach() (/Users/sem0026/Documents/WebServer/yii/testdrive/protected/views/site/login.php:26)
Stack trace:
#0 /Users/sem0026/Documents/WebServer/yii/framework/web/CController.php(872): SiteController->renderFile()
#1 /Users/sem0026/Documents/WebServer/yii/framework/web/CController.php(785): SiteController->renderPartial()
#2 /Users/sem0026/Documents/WebServer/yii/testdrive/protected/controllers/SiteController.php(88): SiteController->render()
#3 /Users/sem0026/Documents/WebServer/yii/framework/web/actions/CInlineAction.php(49): SiteController->actionLogin()
#4 /Users/sem0026/Documents/WebServer/yii/framework/web/CController.php(308): CInlineAction->runWithParams()
#5 /Users/sem0026/Documents/WebServer/yii/framework/web/CController.php(286): SiteController->runAction()
#6 /Users/sem0026/Documents/WebServer/yii/framework/web/CController.php(265): SiteController->runActionWithFilters()
#7 /Users/sem0026/Documents/WebServer/yii/framework/web/CWebApplication.php(282): SiteController->run()
#8 /Users/sem0026/Documents/WebServer/yii/framework/web/CWebApplication.php(141): CWebApplication->runController()
#9 /Users/sem0026/Documents/WebServer/yii/framework/base/CApplication.php(185): CWebApplication->processRequest()
#10 /Users/sem0026/Documents/WebServer/yii/testdrive/index.php(13): CWebApplication->run()
REQUEST_URI=/?r=site/login
in /Users/sem0026/Documents/WebServer/yii/testdrive/protected/views/site/login.php (26)
in /Users/sem0026/Documents/WebServer/yii/testdrive/protected/controllers/SiteController.php (88)
in /Users/sem0026/Documents/WebServer/yii/testdrive/index.php (13)
2020/01/21 09:31:24 [error] [php] Illegal offset type in isset or empty (/Users/sem0026/Documents/WebServer/yii/framework/base/CModel.php:373)
Stack trace:
#0 /Users/sem0026/Documents/WebServer/yii/framework/web/CBaseController.php(95): SiteController->renderInternal()
#1 /Users/sem0026/Documents/WebServer/yii/framework/web/CController.php(872): SiteController->renderFile()
#2 /Users/sem0026/Documents/WebServer/yii/framework/web/CController.php(785): SiteController->renderPartial()
#3 /Users/sem0026/Documents/WebServer/yii/testdrive/protected/controllers/SiteController.php(88): SiteController->render()
#4 /Users/sem0026/Documents/WebServer/yii/framework/web/actions/CInlineAction.php(49): SiteController->actionLogin()
#5 /Users/sem0026/Documents/WebServer/yii/framework/web/CController.php(308): CInlineAction->runWithParams()
#6 /Users/sem0026/Documents/WebServer/yii/framework/web/CController.php(286): SiteController->runAction()
#7 /Users/sem0026/Documents/WebServer/yii/framework/web/CController.php(265): SiteController->runActionWithFilters()
#8 /Users/sem0026/Documents/WebServer/yii/framework/web/CWebApplication.php(282): SiteController->run()
#9 /Users/sem0026/Documents/WebServer/yii/framework/web/CWebApplication.php(141): CWebApplication->runController()
#10 /Users/sem0026/Documents/WebServer/yii/framework/base/CApplication.php(185): CWebApplication->processRequest()
#11 /Users/sem0026/Documents/WebServer/yii/testdrive/index.php(13): CWebApplication->run()
REQUEST_URI=/?r=site/login
in /Users/sem0026/Documents/WebServer/yii/testdrive/protected/views/site/login.php (30)
in /Users/sem0026/Documents/WebServer/yii/testdrive/protected/controllers/SiteController.php (88)
in /Users/sem0026/Documents/WebServer/yii/testdrive/index.php (13)
2020/01/21 09:31:59 [error] [php] Illegal offset type in isset or empty (/Users/sem0026/Documents/WebServer/yii/framework/base/CModel.php:373)
Stack trace:
#0 /Users/sem0026/Documents/WebServer/yii/framework/web/CBaseController.php(95): SiteController->renderInternal()
#1 /Users/sem0026/Documents/WebServer/yii/framework/web/CController.php(872): SiteController->renderFile()
#2 /Users/sem0026/Documents/WebServer/yii/framework/web/CController.php(785): SiteController->renderPartial()
#3 /Users/sem0026/Documents/WebServer/yii/testdrive/protected/controllers/SiteController.php(88): SiteController->render()
#4 /Users/sem0026/Documents/WebServer/yii/framework/web/actions/CInlineAction.php(49): SiteController->actionLogin()
#5 /Users/sem0026/Documents/WebServer/yii/framework/web/CController.php(308): CInlineAction->runWithParams()
#6 /Users/sem0026/Documents/WebServer/yii/framework/web/CController.php(286): SiteController->runAction()
#7 /Users/sem0026/Documents/WebServer/yii/framework/web/CController.php(265): SiteController->runActionWithFilters()
#8 /Users/sem0026/Documents/WebServer/yii/framework/web/CWebApplication.php(282): SiteController->run()
#9 /Users/sem0026/Documents/WebServer/yii/framework/web/CWebApplication.php(141): CWebApplication->runController()
#10 /Users/sem0026/Documents/WebServer/yii/framework/base/CApplication.php(185): CWebApplication->processRequest()
#11 /Users/sem0026/Documents/WebServer/yii/testdrive/index.php(13): CWebApplication->run()
REQUEST_URI=/?r=site/login
in /Users/sem0026/Documents/WebServer/yii/testdrive/protected/views/site/login.php (30)
in /Users/sem0026/Documents/WebServer/yii/testdrive/protected/controllers/SiteController.php (88)
in /Users/sem0026/Documents/WebServer/yii/testdrive/index.php (13)
2020/01/21 10:30:23 [error] [php] Illegal offset type in isset or empty (/Users/sem0026/Documents/WebServer/yii/framework/base/CModel.php:373)
Stack trace:
#0 /Users/sem0026/Documents/WebServer/yii/framework/web/CBaseController.php(95): SiteController->renderInternal()
#1 /Users/sem0026/Documents/WebServer/yii/framework/web/CController.php(872): SiteController->renderFile()
#2 /Users/sem0026/Documents/WebServer/yii/framework/web/CController.php(785): SiteController->renderPartial()
#3 /Users/sem0026/Documents/WebServer/yii/testdrive/protected/controllers/SiteController.php(88): SiteController->render()
#4 /Users/sem0026/Documents/WebServer/yii/framework/web/actions/CInlineAction.php(49): SiteController->actionLogin()
#5 /Users/sem0026/Documents/WebServer/yii/framework/web/CController.php(308): CInlineAction->runWithParams()
#6 /Users/sem0026/Documents/WebServer/yii/framework/web/CController.php(286): SiteController->runAction()
#7 /Users/sem0026/Documents/WebServer/yii/framework/web/CController.php(265): SiteController->runActionWithFilters()
#8 /Users/sem0026/Documents/WebServer/yii/framework/web/CWebApplication.php(282): SiteController->run()
#9 /Users/sem0026/Documents/WebServer/yii/framework/web/CWebApplication.php(141): CWebApplication->runController()
#10 /Users/sem0026/Documents/WebServer/yii/framework/base/CApplication.php(185): CWebApplication->processRequest()
#11 /Users/sem0026/Documents/WebServer/yii/testdrive/index.php(13): CWebApplication->run()
REQUEST_URI=/?r=site/login
in /Users/sem0026/Documents/WebServer/yii/testdrive/protected/views/site/login.php (31)
in /Users/sem0026/Documents/WebServer/yii/testdrive/protected/controllers/SiteController.php (88)
in /Users/sem0026/Documents/WebServer/yii/testdrive/index.php (13)
2020/01/21 10:38:51 [error] [php] include(numeric.php): failed to open stream: No such file or directory (/Users/sem0026/Documents/WebServer/yii/framework/YiiBase.php:463)
Stack trace:
#0 unknown(0): spl_autoload_call()
#1 /Users/sem0026/Documents/WebServer/yii/framework/YiiBase.php(310): class_exists()
#2 /Users/sem0026/Documents/WebServer/yii/framework/validators/CValidator.php(174): import()
#3 /Users/sem0026/Documents/WebServer/yii/framework/base/CModel.php(287): createValidator()
#4 /Users/sem0026/Documents/WebServer/yii/framework/base/CModel.php(260): User->createValidators()
#5 /Users/sem0026/Documents/WebServer/yii/framework/base/CModel.php(547): User->getValidators()
#6 /Users/sem0026/Documents/WebServer/yii/framework/base/CModel.php(468): User->getSafeAttributeNames()
#7 /Users/sem0026/Documents/WebServer/yii/framework/base/CComponent.php(152): User->setAttributes()
#8 /Users/sem0026/Documents/WebServer/yii/framework/db/ar/CActiveRecord.php(162): User->__set()
#9 /Users/sem0026/Documents/WebServer/yii/testdrive/protected/controllers/SiteController.php(80): User->__set()
#10 /Users/sem0026/Documents/WebServer/yii/framework/web/actions/CInlineAction.php(49): SiteController->actionLogin()
#11 /Users/sem0026/Documents/WebServer/yii/framework/web/CController.php(308): CInlineAction->runWithParams()
#12 /Users/sem0026/Documents/WebServer/yii/framework/web/CController.php(286): SiteController->runAction()
#13 /Users/sem0026/Documents/WebServer/yii/framework/web/CController.php(265): SiteController->runActionWithFilters()
#14 /Users/sem0026/Documents/WebServer/yii/framework/web/CWebApplication.php(282): SiteController->run()
#15 /Users/sem0026/Documents/WebServer/yii/framework/web/CWebApplication.php(141): CWebApplication->runController()
#16 /Users/sem0026/Documents/WebServer/yii/framework/base/CApplication.php(185): CWebApplication->processRequest()
#17 /Users/sem0026/Documents/WebServer/yii/testdrive/index.php(13): CWebApplication->run()
REQUEST_URI=/?r=site/login
in /Users/sem0026/Documents/WebServer/yii/testdrive/protected/controllers/SiteController.php (80)
in /Users/sem0026/Documents/WebServer/yii/testdrive/index.php (13)
2020/01/21 10:55:34 [warning] [application] Failed to set unsafe attribute "email" of "User".
in /Users/sem0026/Documents/WebServer/yii/testdrive/protected/controllers/SiteController.php (106)
in /Users/sem0026/Documents/WebServer/yii/testdrive/index.php (13)
2020/01/21 10:56:33 [warning] [application] Failed to set unsafe attribute "email" of "User".
in /Users/sem0026/Documents/WebServer/yii/testdrive/protected/controllers/SiteController.php (106)
in /Users/sem0026/Documents/WebServer/yii/testdrive/index.php (13)
2020/01/21 10:57:27 [warning] [application] Failed to set unsafe attribute "email" of "User".
in /Users/sem0026/Documents/WebServer/yii/testdrive/protected/controllers/SiteController.php (106)
in /Users/sem0026/Documents/WebServer/yii/testdrive/index.php (13)
2020/01/21 10:57:44 [warning] [application] Failed to set unsafe attribute "email" of "User".
in /Users/sem0026/Documents/WebServer/yii/testdrive/protected/controllers/SiteController.php (106)
in /Users/sem0026/Documents/WebServer/yii/testdrive/index.php (13)
2020/01/21 10:58:53 [warning] [application] Failed to set unsafe attribute "email" of "User".
in /Users/sem0026/Documents/WebServer/yii/testdrive/protected/controllers/SiteController.php (106)
in /Users/sem0026/Documents/WebServer/yii/testdrive/index.php (13)
2020/01/21 11:04:16 [warning] [application] Failed to set unsafe attribute "email" of "User".
in /Users/sem0026/Documents/WebServer/yii/testdrive/protected/controllers/SiteController.php (106)
in /Users/sem0026/Documents/WebServer/yii/testdrive/index.php (13)
2020/01/21 11:04:16 [error] [system.db.CDbCommand] CDbCommand::execute() failed: SQLSTATE[42000]: Syntax error or access violation: 1064 You have an error in your SQL syntax; check the manual that corresponds to your MySQL server version for the right syntax to use near 'users' at line 1. The SQL statement executed was: users.
in /Users/sem0026/Documents/WebServer/yii/testdrive/protected/models/User.php (87)
in /Users/sem0026/Documents/WebServer/yii/testdrive/protected/controllers/SiteController.php (108)
in /Users/sem0026/Documents/WebServer/yii/testdrive/index.php (13)
2020/01/21 11:04:16 [error] [exception.CDbException] CDbException: CDbCommand failed to execute the SQL statement: SQLSTATE[42000]: Syntax error or access violation: 1064 You have an error in your SQL syntax; check the manual that corresponds to your MySQL server version for the right syntax to use near 'users' at line 1. The SQL statement executed was: users in /Users/sem0026/Documents/WebServer/yii/framework/db/CDbCommand.php:358
Stack trace:
#0 /Users/sem0026/Documents/WebServer/yii/testdrive/protected/models/User.php(87): CDbCommand->execute()
#1 /Users/sem0026/Documents/WebServer/yii/testdrive/protected/controllers/SiteController.php(108): User->register(Array)
#2 /Users/sem0026/Documents/WebServer/yii/framework/web/actions/CInlineAction.php(49): SiteController->actionRegister()
#3 /Users/sem0026/Documents/WebServer/yii/framework/web/CController.php(308): CInlineAction->runWithParams(Array)
#4 /Users/sem0026/Documents/WebServer/yii/framework/web/CController.php(286): CController->runAction(Object(CInlineAction))
#5 /Users/sem0026/Documents/WebServer/yii/framework/web/CController.php(265): CController->runActionWithFilters(Object(CInlineAction), Array)
#6 /Users/sem0026/Documents/WebServer/yii/framework/web/CWebApplication.php(282): CController->run('register')
#7 /Users/sem0026/Documents/WebServer/yii/framework/web/CWebApplication.php(141): CWebApplication->runController('site/register')
#8 /Users/sem0026/Documents/WebServer/yii/framework/base/CApplication.php(185): CWebApplication->processRequest()
#9 /Users/sem0026/Documents/WebServer/yii/testdrive/index.php(13): CApplication->run()
#10 {main}
REQUEST_URI=/?r=site/register
HTTP_REFERER=http://test.localhost/?r=site/register
---
2020/01/21 11:04:26 [warning] [application] Failed to set unsafe attribute "email" of "User".
in /Users/sem0026/Documents/WebServer/yii/testdrive/protected/controllers/SiteController.php (106)
in /Users/sem0026/Documents/WebServer/yii/testdrive/index.php (13)
2020/01/21 11:04:26 [error] [system.db.CDbCommand] CDbCommand::execute() failed: SQLSTATE[42000]: Syntax error or access violation: 1064 You have an error in your SQL syntax; check the manual that corresponds to your MySQL server version for the right syntax to use near 'users' at line 1. The SQL statement executed was: users.
in /Users/sem0026/Documents/WebServer/yii/testdrive/protected/models/User.php (87)
in /Users/sem0026/Documents/WebServer/yii/testdrive/protected/controllers/SiteController.php (108)
in /Users/sem0026/Documents/WebServer/yii/testdrive/index.php (13)
2020/01/21 11:04:26 [error] [exception.CDbException] CDbException: CDbCommand failed to execute the SQL statement: SQLSTATE[42000]: Syntax error or access violation: 1064 You have an error in your SQL syntax; check the manual that corresponds to your MySQL server version for the right syntax to use near 'users' at line 1. The SQL statement executed was: users in /Users/sem0026/Documents/WebServer/yii/framework/db/CDbCommand.php:358
Stack trace:
#0 /Users/sem0026/Documents/WebServer/yii/testdrive/protected/models/User.php(87): CDbCommand->execute()
#1 /Users/sem0026/Documents/WebServer/yii/testdrive/protected/controllers/SiteController.php(108): User->register(Array)
#2 /Users/sem0026/Documents/WebServer/yii/framework/web/actions/CInlineAction.php(49): SiteController->actionRegister()
#3 /Users/sem0026/Documents/WebServer/yii/framework/web/CController.php(308): CInlineAction->runWithParams(Array)
#4 /Users/sem0026/Documents/WebServer/yii/framework/web/CController.php(286): CController->runAction(Object(CInlineAction))
#5 /Users/sem0026/Documents/WebServer/yii/framework/web/CController.php(265): CController->runActionWithFilters(Object(CInlineAction), Array)
#6 /Users/sem0026/Documents/WebServer/yii/framework/web/CWebApplication.php(282): CController->run('register')
#7 /Users/sem0026/Documents/WebServer/yii/framework/web/CWebApplication.php(141): CWebApplication->runController('site/register')
#8 /Users/sem0026/Documents/WebServer/yii/framework/base/CApplication.php(185): CWebApplication->processRequest()
#9 /Users/sem0026/Documents/WebServer/yii/testdrive/index.php(13): CApplication->run()
#10 {main}
REQUEST_URI=/?r=site/register
HTTP_REFERER=http://test.localhost/?r=site/register
---
2020/01/21 11:06:45 [warning] [application] Failed to set unsafe attribute "email" of "User".
in /Users/sem0026/Documents/WebServer/yii/testdrive/protected/controllers/SiteController.php (106)
in /Users/sem0026/Documents/WebServer/yii/testdrive/index.php (13)
2020/01/21 11:06:45 [error] [system.db.CDbCommand] CDbCommand::execute() failed: SQLSTATE[HY000]: General error: 1364 Field 'token' doesn't have a default value. The SQL statement executed was: INSERT INTO `users` (`username`, `email`, `password`) VALUES (:username, :email, :password).
in /Users/sem0026/Documents/WebServer/yii/testdrive/protected/models/User.php (86)
in /Users/sem0026/Documents/WebServer/yii/testdrive/protected/controllers/SiteController.php (108)
in /Users/sem0026/Documents/WebServer/yii/testdrive/index.php (13)
2020/01/21 11:06:45 [error] [exception.CDbException] CDbException: CDbCommand failed to execute the SQL statement: SQLSTATE[HY000]: General error: 1364 Field 'token' doesn't have a default value. The SQL statement executed was: INSERT INTO `users` (`username`, `email`, `password`) VALUES (:username, :email, :password) in /Users/sem0026/Documents/WebServer/yii/framework/db/CDbCommand.php:358
Stack trace:
#0 /Users/sem0026/Documents/WebServer/yii/framework/db/CDbCommand.php(1278): CDbCommand->execute(Array)
#1 /Users/sem0026/Documents/WebServer/yii/testdrive/protected/models/User.php(86): CDbCommand->insert('users', Array)
#2 /Users/sem0026/Documents/WebServer/yii/testdrive/protected/controllers/SiteController.php(108): User->register(Array)
#3 /Users/sem0026/Documents/WebServer/yii/framework/web/actions/CInlineAction.php(49): SiteController->actionRegister()
#4 /Users/sem0026/Documents/WebServer/yii/framework/web/CController.php(308): CInlineAction->runWithParams(Array)
#5 /Users/sem0026/Documents/WebServer/yii/framework/web/CController.php(286): CController->runAction(Object(CInlineAction))
#6 /Users/sem0026/Documents/WebServer/yii/framework/web/CController.php(265): CController->runActionWithFilters(Object(CInlineAction), Array)
#7 /Users/sem0026/Documents/WebServer/yii/framework/web/CWebApplication.php(282): CController->run('register')
#8 /Users/sem0026/Documents/WebServer/yii/framework/web/CWebApplication.php(141): CWebApplication->runController('site/register')
#9 /Users/sem0026/Documents/WebServer/yii/framework/base/CApplication.php(185): CWebApplication->processRequest()
#10 /Users/sem0026/Documents/WebServer/yii/testdrive/index.php(13): CApplication->run()
#11 {main}
REQUEST_URI=/?r=site/register
HTTP_REFERER=http://test.localhost/?r=site/register
---
2020/01/21 11:08:09 [error] [system.db.CDbCommand] CDbCommand::fetchAll() failed: SQLSTATE[42S02]: Base table or view not found: 1146 Table 'yii.tbl_migration' doesn't exist. The SQL statement executed was: SHOW FULL COLUMNS FROM `tbl_migration`.
2020/01/21 11:08:17 [warning] [application] Failed to set unsafe attribute "email" of "User".
in /Users/sem0026/Documents/WebServer/yii/testdrive/protected/controllers/SiteController.php (106)
in /Users/sem0026/Documents/WebServer/yii/testdrive/index.php (13)
2020/01/21 11:08:17 [error] [exception.Error] Error: Call to a member function execute() on integer in /Users/sem0026/Documents/WebServer/yii/testdrive/protected/models/User.php:87
Stack trace:
#0 /Users/sem0026/Documents/WebServer/yii/testdrive/protected/controllers/SiteController.php(108): User->register(Array)
#1 /Users/sem0026/Documents/WebServer/yii/framework/web/actions/CInlineAction.php(49): SiteController->actionRegister()
#2 /Users/sem0026/Documents/WebServer/yii/framework/web/CController.php(308): CInlineAction->runWithParams(Array)
#3 /Users/sem0026/Documents/WebServer/yii/framework/web/CController.php(286): CController->runAction(Object(CInlineAction))
#4 /Users/sem0026/Documents/WebServer/yii/framework/web/CController.php(265): CController->runActionWithFilters(Object(CInlineAction), Array)
#5 /Users/sem0026/Documents/WebServer/yii/framework/web/CWebApplication.php(282): CController->run('register')
#6 /Users/sem0026/Documents/WebServer/yii/framework/web/CWebApplication.php(141): CWebApplication->runController('site/register')
#7 /Users/sem0026/Documents/WebServer/yii/framework/base/CApplication.php(185): CWebApplication->processRequest()
#8 /Users/sem0026/Documents/WebServer/yii/testdrive/index.php(13): CApplication->run()
#9 {main}
REQUEST_URI=/?r=site/register
HTTP_REFERER=http://test.localhost/?r=site/register
---
2020/01/21 11:08:58 [warning] [application] Failed to set unsafe attribute "email" of "User".
in /Users/sem0026/Documents/WebServer/yii/testdrive/protected/controllers/SiteController.php (106)
in /Users/sem0026/Documents/WebServer/yii/testdrive/index.php (13)
2020/01/21 11:08:58 [error] [system.db.CDbCommand] CDbCommand::execute() failed: SQLSTATE[23000]: Integrity constraint violation: 1062 Duplicate entry 'ahmet2' for key 'username'. The SQL statement executed was: INSERT INTO `users` (`username`, `email`, `password`) VALUES (:username, :email, :password).
in /Users/sem0026/Documents/WebServer/yii/testdrive/protected/models/User.php (86)
in /Users/sem0026/Documents/WebServer/yii/testdrive/protected/controllers/SiteController.php (108)
in /Users/sem0026/Documents/WebServer/yii/testdrive/index.php (13)
2020/01/21 11:08:58 [error] [exception.CDbException] CDbException: CDbCommand failed to execute the SQL statement: SQLSTATE[23000]: Integrity constraint violation: 1062 Duplicate entry 'ahmet2' for key 'username'. The SQL statement executed was: INSERT INTO `users` (`username`, `email`, `password`) VALUES (:username, :email, :password) in /Users/sem0026/Documents/WebServer/yii/framework/db/CDbCommand.php:358
Stack trace:
#0 /Users/sem0026/Documents/WebServer/yii/framework/db/CDbCommand.php(1278): CDbCommand->execute(Array)
#1 /Users/sem0026/Documents/WebServer/yii/testdrive/protected/models/User.php(86): CDbCommand->insert('users', Array)
#2 /Users/sem0026/Documents/WebServer/yii/testdrive/protected/controllers/SiteController.php(108): User->register(Array)
#3 /Users/sem0026/Documents/WebServer/yii/framework/web/actions/CInlineAction.php(49): SiteController->actionRegister()
#4 /Users/sem0026/Documents/WebServer/yii/framework/web/CController.php(308): CInlineAction->runWithParams(Array)
#5 /Users/sem0026/Documents/WebServer/yii/framework/web/CController.php(286): CController->runAction(Object(CInlineAction))
#6 /Users/sem0026/Documents/WebServer/yii/framework/web/CController.php(265): CController->runActionWithFilters(Object(CInlineAction), Array)
#7 /Users/sem0026/Documents/WebServer/yii/framework/web/CWebApplication.php(282): CController->run('register')
#8 /Users/sem0026/Documents/WebServer/yii/framework/web/CWebApplication.php(141): CWebApplication->runController('site/register')
#9 /Users/sem0026/Documents/WebServer/yii/framework/base/CApplication.php(185): CWebApplication->processRequest()
#10 /Users/sem0026/Documents/WebServer/yii/testdrive/index.php(13): CApplication->run()
#11 {main}
REQUEST_URI=/?r=site/register
HTTP_REFERER=http://test.localhost/?r=site/register
---
2020/01/21 11:09:13 [warning] [application] Failed to set unsafe attribute "email" of "User".
in /Users/sem0026/Documents/WebServer/yii/testdrive/protected/controllers/SiteController.php (106)
in /Users/sem0026/Documents/WebServer/yii/testdrive/index.php (13)
2020/01/21 11:10:25 [warning] [application] Failed to set unsafe attribute "email" of "User".
in /Users/sem0026/Documents/WebServer/yii/testdrive/protected/controllers/SiteController.php (106)
in /Users/sem0026/Documents/WebServer/yii/testdrive/index.php (13)
2020/01/21 11:50:24 [error] [system.db.CDbCommand] CDbCommand::execute() failed: SQLSTATE[23000]: Integrity constraint violation: 1062 Duplicate entry 'ahmet' for key 'username'. The SQL statement executed was: INSERT INTO `users` (`username`, `email`, `password`) VALUES (:username, :email, :password).
in /Users/sem0026/Documents/WebServer/yii/testdrive/protected/models/User.php (87)
in /Users/sem0026/Documents/WebServer/yii/testdrive/protected/controllers/SiteController.php (112)
in /Users/sem0026/Documents/WebServer/yii/testdrive/index.php (13)
2020/01/21 11:50:24 [error] [exception.CDbException] CDbException: CDbCommand failed to execute the SQL statement: SQLSTATE[23000]: Integrity constraint violation: 1062 Duplicate entry 'ahmet' for key 'username'. The SQL statement executed was: INSERT INTO `users` (`username`, `email`, `password`) VALUES (:username, :email, :password) in /Users/sem0026/Documents/WebServer/yii/framework/db/CDbCommand.php:358
Stack trace:
#0 /Users/sem0026/Documents/WebServer/yii/framework/db/CDbCommand.php(1278): CDbCommand->execute(Array)
#1 /Users/sem0026/Documents/WebServer/yii/testdrive/protected/models/User.php(87): CDbCommand->insert('users', Array)
#2 /Users/sem0026/Documents/WebServer/yii/testdrive/protected/controllers/SiteController.php(112): User->register(Array)
#3 /Users/sem0026/Documents/WebServer/yii/framework/web/actions/CInlineAction.php(49): SiteController->actionRegister()
#4 /Users/sem0026/Documents/WebServer/yii/framework/web/CController.php(308): CInlineAction->runWithParams(Array)
#5 /Users/sem0026/Documents/WebServer/yii/framework/web/CController.php(286): CController->runAction(Object(CInlineAction))
#6 /Users/sem0026/Documents/WebServer/yii/framework/web/CController.php(265): CController->runActionWithFilters(Object(CInlineAction), Array)
#7 /Users/sem0026/Documents/WebServer/yii/framework/web/CWebApplication.php(282): CController->run('register')
#8 /Users/sem0026/Documents/WebServer/yii/framework/web/CWebApplication.php(141): CWebApplication->runController('site/register')
#9 /Users/sem0026/Documents/WebServer/yii/framework/base/CApplication.php(185): CWebApplication->processRequest()
#10 /Users/sem0026/Documents/WebServer/yii/testdrive/index.php(13): CApplication->run()
#11 {main}
REQUEST_URI=/?r=site/register
HTTP_REFERER=http://test.localhost/?r=site/register
---
2020/01/21 11:54:08 [error] [system.db.CDbCommand] CDbCommand::execute() failed: SQLSTATE[23000]: Integrity constraint violation: 1062 Duplicate entry 'ahmet' for key 'username'. The SQL statement executed was: INSERT INTO `users` (`username`, `email`, `password`) VALUES (:username, :email, :password).
in /Users/sem0026/Documents/WebServer/yii/testdrive/protected/models/User.php (87)
in /Users/sem0026/Documents/WebServer/yii/testdrive/protected/controllers/SiteController.php (112)
in /Users/sem0026/Documents/WebServer/yii/testdrive/index.php (13)
2020/01/21 11:54:08 [error] [exception.CDbException] CDbException: CDbCommand failed to execute the SQL statement: SQLSTATE[23000]: Integrity constraint violation: 1062 Duplicate entry 'ahmet' for key 'username'. The SQL statement executed was: INSERT INTO `users` (`username`, `email`, `password`) VALUES (:username, :email, :password) in /Users/sem0026/Documents/WebServer/yii/framework/db/CDbCommand.php:358
Stack trace:
#0 /Users/sem0026/Documents/WebServer/yii/framework/db/CDbCommand.php(1278): CDbCommand->execute(Array)
#1 /Users/sem0026/Documents/WebServer/yii/testdrive/protected/models/User.php(87): CDbCommand->insert('users', Array)
#2 /Users/sem0026/Documents/WebServer/yii/testdrive/protected/controllers/SiteController.php(112): User->register(Array)
#3 /Users/sem0026/Documents/WebServer/yii/framework/web/actions/CInlineAction.php(49): SiteController->actionRegister()
#4 /Users/sem0026/Documents/WebServer/yii/framework/web/CController.php(308): CInlineAction->runWithParams(Array)
#5 /Users/sem0026/Documents/WebServer/yii/framework/web/CController.php(286): CController->runAction(Object(CInlineAction))
#6 /Users/sem0026/Documents/WebServer/yii/framework/web/CController.php(265): CController->runActionWithFilters(Object(CInlineAction), Array)
#7 /Users/sem0026/Documents/WebServer/yii/framework/web/CWebApplication.php(282): CController->run('register')
#8 /Users/sem0026/Documents/WebServer/yii/framework/web/CWebApplication.php(141): CWebApplication->runController('site/register')
#9 /Users/sem0026/Documents/WebServer/yii/framework/base/CApplication.php(185): CWebApplication->processRequest()
#10 /Users/sem0026/Documents/WebServer/yii/testdrive/index.php(13): CApplication->run()
#11 {main}
REQUEST_URI=/?r=site/register
HTTP_REFERER=http://test.localhost/?r=site/register
---
2020/01/22 07:36:47 [error] [exception.CException] CException: LocationController cannot find the requested view "location/index". in /Users/sem0026/Documents/WebServer/yii/framework/web/CController.php:881
Stack trace:
#0 /Users/sem0026/Documents/WebServer/yii/framework/web/CController.php(785): CController->renderPartial('location/index', Array, true)
#1 /Users/sem0026/Documents/WebServer/yii/testdrive/protected/controllers/LocationController.php(31): CController->render('location/index', Array)
#2 /Users/sem0026/Documents/WebServer/yii/framework/web/actions/CInlineAction.php(49): LocationController->actionIndex()
#3 /Users/sem0026/Documents/WebServer/yii/framework/web/CController.php(308): CInlineAction->runWithParams(Array)
#4 /Users/sem0026/Documents/WebServer/yii/framework/web/CController.php(286): CController->runAction(Object(CInlineAction))
#5 /Users/sem0026/Documents/WebServer/yii/framework/web/CController.php(265): CController->runActionWithFilters(Object(CInlineAction), Array)
#6 /Users/sem0026/Documents/WebServer/yii/framework/web/CWebApplication.php(282): CController->run('index')
#7 /Users/sem0026/Documents/WebServer/yii/framework/web/CWebApplication.php(141): CWebApplication->runController('location/index')
#8 /Users/sem0026/Documents/WebServer/yii/framework/base/CApplication.php(185): CWebApplication->processRequest()
#9 /Users/sem0026/Documents/WebServer/yii/testdrive/index.php(13): CApplication->run()
#10 {main}
REQUEST_URI=/?r=location/index
---
2020/01/22 07:37:12 [error] [exception.CException] CException: LocationController cannot find the requested view "location.index". in /Users/sem0026/Documents/WebServer/yii/framework/web/CController.php:881
Stack trace:
#0 /Users/sem0026/Documents/WebServer/yii/framework/web/CController.php(785): CController->renderPartial('location.index', Array, true)
#1 /Users/sem0026/Documents/WebServer/yii/testdrive/protected/controllers/LocationController.php(31): CController->render('location.index', Array)
#2 /Users/sem0026/Documents/WebServer/yii/framework/web/actions/CInlineAction.php(49): LocationController->actionIndex()
#3 /Users/sem0026/Documents/WebServer/yii/framework/web/CController.php(308): CInlineAction->runWithParams(Array)
#4 /Users/sem0026/Documents/WebServer/yii/framework/web/CController.php(286): CController->runAction(Object(CInlineAction))
#5 /Users/sem0026/Documents/WebServer/yii/framework/web/CController.php(265): CController->runActionWithFilters(Object(CInlineAction), Array)
#6 /Users/sem0026/Documents/WebServer/yii/framework/web/CWebApplication.php(282): CController->run('index')
#7 /Users/sem0026/Documents/WebServer/yii/framework/web/CWebApplication.php(141): CWebApplication->runController('location/index')
#8 /Users/sem0026/Documents/WebServer/yii/framework/base/CApplication.php(185): CWebApplication->processRequest()
#9 /Users/sem0026/Documents/WebServer/yii/testdrive/index.php(13): CApplication->run()
#10 {main}
REQUEST_URI=/?r=location/index
---
2020/01/22 07:38:36 [error] [exception.CException] CException: LocationController cannot find the requested view "location/index". in /Users/sem0026/Documents/WebServer/yii/framework/web/CController.php:881
Stack trace:
#0 /Users/sem0026/Documents/WebServer/yii/framework/web/CController.php(785): CController->renderPartial('location/index', Array, true)
#1 /Users/sem0026/Documents/WebServer/yii/testdrive/protected/controllers/LocationController.php(31): CController->render('location/index', Array)
#2 /Users/sem0026/Documents/WebServer/yii/framework/web/actions/CInlineAction.php(49): LocationController->actionIndex()
#3 /Users/sem0026/Documents/WebServer/yii/framework/web/CController.php(308): CInlineAction->runWithParams(Array)
#4 /Users/sem0026/Documents/WebServer/yii/framework/web/CController.php(286): CController->runAction(Object(CInlineAction))
#5 /Users/sem0026/Documents/WebServer/yii/framework/web/CController.php(265): CController->runActionWithFilters(Object(CInlineAction), Array)
#6 /Users/sem0026/Documents/WebServer/yii/framework/web/CWebApplication.php(282): CController->run('index')
#7 /Users/sem0026/Documents/WebServer/yii/framework/web/CWebApplication.php(141): CWebApplication->runController('location/index')
#8 /Users/sem0026/Documents/WebServer/yii/framework/base/CApplication.php(185): CWebApplication->processRequest()
#9 /Users/sem0026/Documents/WebServer/yii/testdrive/index.php(13): CApplication->run()
#10 {main}
REQUEST_URI=/?r=location/index
---
2020/01/22 07:39:28 [error] [exception.CException] CException: LocationController cannot find the requested view "//location.index". in /Users/sem0026/Documents/WebServer/yii/framework/web/CController.php:881
Stack trace:
#0 /Users/sem0026/Documents/WebServer/yii/framework/web/CController.php(785): CController->renderPartial('//location.inde...', Array, true)
#1 /Users/sem0026/Documents/WebServer/yii/testdrive/protected/controllers/LocationController.php(31): CController->render('//location.inde...', Array)
#2 /Users/sem0026/Documents/WebServer/yii/framework/web/actions/CInlineAction.php(49): LocationController->actionIndex()
#3 /Users/sem0026/Documents/WebServer/yii/framework/web/CController.php(308): CInlineAction->runWithParams(Array)
#4 /Users/sem0026/Documents/WebServer/yii/framework/web/CController.php(286): CController->runAction(Object(CInlineAction))
#5 /Users/sem0026/Documents/WebServer/yii/framework/web/CController.php(265): CController->runActionWithFilters(Object(CInlineAction), Array)
#6 /Users/sem0026/Documents/WebServer/yii/framework/web/CWebApplication.php(282): CController->run('index')
#7 /Users/sem0026/Documents/WebServer/yii/framework/web/CWebApplication.php(141): CWebApplication->runController('location/index')
#8 /Users/sem0026/Documents/WebServer/yii/framework/base/CApplication.php(185): CWebApplication->processRequest()
#9 /Users/sem0026/Documents/WebServer/yii/testdrive/index.php(13): CApplication->run()
#10 {main}
REQUEST_URI=/?r=location/index
---
2020/01/22 08:19:54 [error] [exception.CDbException] CDbException: Relation "user" is not defined in active record class "User". in /Users/sem0026/Documents/WebServer/yii/framework/db/ar/CActiveFinder.php:227
Stack trace:
#0 /Users/sem0026/Documents/WebServer/yii/framework/db/ar/CActiveFinder.php(48): CActiveFinder->buildJoinTree(Object(CJoinElement), 'user')
#1 /Users/sem0026/Documents/WebServer/yii/framework/db/ar/CActiveRecord.php(915): CActiveFinder->__construct(Object(User), 'user')
#2 /Users/sem0026/Documents/WebServer/yii/framework/db/ar/CActiveRecord.php(1363): CActiveRecord->getActiveFinder('user')
#3 /Users/sem0026/Documents/WebServer/yii/framework/db/ar/CActiveRecord.php(1478): CActiveRecord->query(Object(CDbCriteria), true)
#4 /Users/sem0026/Documents/WebServer/yii/testdrive/protected/controllers/LocationController.php(46): CActiveRecord->findAll(Object(CDbCriteria))
#5 /Users/sem0026/Documents/WebServer/yii/framework/web/actions/CInlineAction.php(49): LocationController->actionIndex()
#6 /Users/sem0026/Documents/WebServer/yii/framework/web/CController.php(308): CInlineAction->runWithParams(Array)
#7 /Users/sem0026/Documents/WebServer/yii/framework/web/CController.php(286): CController->runAction(Object(CInlineAction))
#8 /Users/sem0026/Documents/WebServer/yii/framework/web/CController.php(265): CController->runActionWithFilters(Object(CInlineAction), Array)
#9 /Users/sem0026/Documents/WebServer/yii/framework/web/CWebApplication.php(282): CController->run('index')
#10 /Users/sem0026/Documents/WebServer/yii/framework/web/CWebApplication.php(141): CWebApplication->runController('location/index')
#11 /Users/sem0026/Documents/WebServer/yii/framework/base/CApplication.php(185): CWebApplication->processRequest()
#12 /Users/sem0026/Documents/WebServer/yii/testdrive/index.php(13): CApplication->run()
#13 {main}
REQUEST_URI=/?r=location/index
---
2020/01/22 08:21:26 [error] [exception.CDbException] CDbException: Relation "user" is not defined in active record class "User". in /Users/sem0026/Documents/WebServer/yii/framework/db/ar/CActiveFinder.php:227
Stack trace:
#0 /Users/sem0026/Documents/WebServer/yii/framework/db/ar/CActiveFinder.php(300): CActiveFinder->buildJoinTree(Object(CJoinElement), 'user')
#1 /Users/sem0026/Documents/WebServer/yii/framework/db/ar/CActiveFinder.php(48): CActiveFinder->buildJoinTree(Object(CJoinElement), Array)
#2 /Users/sem0026/Documents/WebServer/yii/framework/db/ar/CActiveRecord.php(915): CActiveFinder->__construct(Object(User), Array)
#3 /Users/sem0026/Documents/WebServer/yii/framework/db/ar/CActiveRecord.php(1363): CActiveRecord->getActiveFinder(Array)
#4 /Users/sem0026/Documents/WebServer/yii/framework/db/ar/CActiveRecord.php(1478): CActiveRecord->query(Object(CDbCriteria), true)
#5 /Users/sem0026/Documents/WebServer/yii/testdrive/protected/controllers/LocationController.php(45): CActiveRecord->findAll(Object(CDbCriteria))
#6 /Users/sem0026/Documents/WebServer/yii/framework/web/actions/CInlineAction.php(49): LocationController->actionIndex()
#7 /Users/sem0026/Documents/WebServer/yii/framework/web/CController.php(308): CInlineAction->runWithParams(Array)
#8 /Users/sem0026/Documents/WebServer/yii/framework/web/CController.php(286): CController->runAction(Object(CInlineAction))
#9 /Users/sem0026/Documents/WebServer/yii/framework/web/CController.php(265): CController->runActionWithFilters(Object(CInlineAction), Array)
#10 /Users/sem0026/Documents/WebServer/yii/framework/web/CWebApplication.php(282): CController->run('index')
#11 /Users/sem0026/Documents/WebServer/yii/framework/web/CWebApplication.php(141): CWebApplication->runController('location/index')
#12 /Users/sem0026/Documents/WebServer/yii/framework/base/CApplication.php(185): CWebApplication->processRequest()
#13 /Users/sem0026/Documents/WebServer/yii/testdrive/index.php(13): CApplication->run()
#14 {main}
REQUEST_URI=/?r=location/index
---
2020/01/22 08:21:47 [error] [exception.CDbException] CDbException: Relation "user" is not defined in active record class "User". in /Users/sem0026/Documents/WebServer/yii/framework/db/ar/CActiveFinder.php:227
Stack trace:
#0 /Users/sem0026/Documents/WebServer/yii/framework/db/ar/CActiveFinder.php(300): CActiveFinder->buildJoinTree(Object(CJoinElement), 'user')
#1 /Users/sem0026/Documents/WebServer/yii/framework/db/ar/CActiveFinder.php(48): CActiveFinder->buildJoinTree(Object(CJoinElement), Array)
#2 /Users/sem0026/Documents/WebServer/yii/framework/db/ar/CActiveRecord.php(915): CActiveFinder->__construct(Object(User), Array)
#3 /Users/sem0026/Documents/WebServer/yii/framework/db/ar/CActiveRecord.php(1363): CActiveRecord->getActiveFinder(Array)
#4 /Users/sem0026/Documents/WebServer/yii/framework/db/ar/CActiveRecord.php(1478): CActiveRecord->query(Object(CDbCriteria), true)
#5 /Users/sem0026/Documents/WebServer/yii/testdrive/protected/controllers/LocationController.php(45): CActiveRecord->findAll(Object(CDbCriteria))
#6 /Users/sem0026/Documents/WebServer/yii/framework/web/actions/CInlineAction.php(49): LocationController->actionIndex()
#7 /Users/sem0026/Documents/WebServer/yii/framework/web/CController.php(308): CInlineAction->runWithParams(Array)
#8 /Users/sem0026/Documents/WebServer/yii/framework/web/CController.php(286): CController->runAction(Object(CInlineAction))
#9 /Users/sem0026/Documents/WebServer/yii/framework/web/CController.php(265): CController->runActionWithFilters(Object(CInlineAction), Array)
#10 /Users/sem0026/Documents/WebServer/yii/framework/web/CWebApplication.php(282): CController->run('index')
#11 /Users/sem0026/Documents/WebServer/yii/framework/web/CWebApplication.php(141): CWebApplication->runController('location/index')
#12 /Users/sem0026/Documents/WebServer/yii/framework/base/CApplication.php(185): CWebApplication->processRequest()
#13 /Users/sem0026/Documents/WebServer/yii/testdrive/index.php(13): CApplication->run()
#14 {main}
REQUEST_URI=/?r=location/index
---
2020/01/22 08:24:16 [error] [exception.CDbException] CDbException: Relation "user" is not defined in active record class "User". in /Users/sem0026/Documents/WebServer/yii/framework/db/ar/CActiveFinder.php:227
Stack trace:
#0 /Users/sem0026/Documents/WebServer/yii/framework/db/ar/CActiveFinder.php(300): CActiveFinder->buildJoinTree(Object(CJoinElement), 'user')
#1 /Users/sem0026/Documents/WebServer/yii/framework/db/ar/CActiveFinder.php(48): CActiveFinder->buildJoinTree(Object(CJoinElement), Array)
#2 /Users/sem0026/Documents/WebServer/yii/framework/db/ar/CActiveRecord.php(915): CActiveFinder->__construct(Object(User), Array)
#3 /Users/sem0026/Documents/WebServer/yii/framework/db/ar/CActiveRecord.php(1363): CActiveRecord->getActiveFinder(Array)
#4 /Users/sem0026/Documents/WebServer/yii/framework/db/ar/CActiveRecord.php(1478): CActiveRecord->query(Object(CDbCriteria), true)
#5 /Users/sem0026/Documents/WebServer/yii/testdrive/protected/controllers/LocationController.php(45): CActiveRecord->findAll(Object(CDbCriteria))
#6 /Users/sem0026/Documents/WebServer/yii/framework/web/actions/CInlineAction.php(49): LocationController->actionIndex()
#7 /Users/sem0026/Documents/WebServer/yii/framework/web/CController.php(308): CInlineAction->runWithParams(Array)
#8 /Users/sem0026/Documents/WebServer/yii/framework/web/CController.php(286): CController->runAction(Object(CInlineAction))
#9 /Users/sem0026/Documents/WebServer/yii/framework/web/CController.php(265): CController->runActionWithFilters(Object(CInlineAction), Array)
#10 /Users/sem0026/Documents/WebServer/yii/framework/web/CWebApplication.php(282): CController->run('index')
#11 /Users/sem0026/Documents/WebServer/yii/framework/web/CWebApplication.php(141): CWebApplication->runController('location/index')
#12 /Users/sem0026/Documents/WebServer/yii/framework/base/CApplication.php(185): CWebApplication->processRequest()
#13 /Users/sem0026/Documents/WebServer/yii/testdrive/index.php(13): CApplication->run()
#14 {main}
REQUEST_URI=/?r=location/index
---
2020/01/22 08:24:17 [error] [exception.CDbException] CDbException: Relation "user" is not defined in active record class "User". in /Users/sem0026/Documents/WebServer/yii/framework/db/ar/CActiveFinder.php:227
Stack trace:
#0 /Users/sem0026/Documents/WebServer/yii/framework/db/ar/CActiveFinder.php(300): CActiveFinder->buildJoinTree(Object(CJoinElement), 'user')
#1 /Users/sem0026/Documents/WebServer/yii/framework/db/ar/CActiveFinder.php(48): CActiveFinder->buildJoinTree(Object(CJoinElement), Array)
#2 /Users/sem0026/Documents/WebServer/yii/framework/db/ar/CActiveRecord.php(915): CActiveFinder->__construct(Object(User), Array)
#3 /Users/sem0026/Documents/WebServer/yii/framework/db/ar/CActiveRecord.php(1363): CActiveRecord->getActiveFinder(Array)
#4 /Users/sem0026/Documents/WebServer/yii/framework/db/ar/CActiveRecord.php(1478): CActiveRecord->query(Object(CDbCriteria), true)
#5 /Users/sem0026/Documents/WebServer/yii/testdrive/protected/controllers/LocationController.php(45): CActiveRecord->findAll(Object(CDbCriteria))
#6 /Users/sem0026/Documents/WebServer/yii/framework/web/actions/CInlineAction.php(49): LocationController->actionIndex()
#7 /Users/sem0026/Documents/WebServer/yii/framework/web/CController.php(308): CInlineAction->runWithParams(Array)
#8 /Users/sem0026/Documents/WebServer/yii/framework/web/CController.php(286): CController->runAction(Object(CInlineAction))
#9 /Users/sem0026/Documents/WebServer/yii/framework/web/CController.php(265): CController->runActionWithFilters(Object(CInlineAction), Array)
#10 /Users/sem0026/Documents/WebServer/yii/framework/web/CWebApplication.php(282): CController->run('index')
#11 /Users/sem0026/Documents/WebServer/yii/framework/web/CWebApplication.php(141): CWebApplication->runController('location/index')
#12 /Users/sem0026/Documents/WebServer/yii/framework/base/CApplication.php(185): CWebApplication->processRequest()
#13 /Users/sem0026/Documents/WebServer/yii/testdrive/index.php(13): CApplication->run()
#14 {main}
REQUEST_URI=/?r=location/index
---
2020/01/22 08:24:17 [error] [exception.CDbException] CDbException: Relation "user" is not defined in active record class "User". in /Users/sem0026/Documents/WebServer/yii/framework/db/ar/CActiveFinder.php:227
Stack trace:
#0 /Users/sem0026/Documents/WebServer/yii/framework/db/ar/CActiveFinder.php(300): CActiveFinder->buildJoinTree(Object(CJoinElement), 'user')
#1 /Users/sem0026/Documents/WebServer/yii/framework/db/ar/CActiveFinder.php(48): CActiveFinder->buildJoinTree(Object(CJoinElement), Array)
#2 /Users/sem0026/Documents/WebServer/yii/framework/db/ar/CActiveRecord.php(915): CActiveFinder->__construct(Object(User), Array)
#3 /Users/sem0026/Documents/WebServer/yii/framework/db/ar/CActiveRecord.php(1363): CActiveRecord->getActiveFinder(Array)
#4 /Users/sem0026/Documents/WebServer/yii/framework/db/ar/CActiveRecord.php(1478): CActiveRecord->query(Object(CDbCriteria), true)
#5 /Users/sem0026/Documents/WebServer/yii/testdrive/protected/controllers/LocationController.php(45): CActiveRecord->findAll(Object(CDbCriteria))
#6 /Users/sem0026/Documents/WebServer/yii/framework/web/actions/CInlineAction.php(49): LocationController->actionIndex()
#7 /Users/sem0026/Documents/WebServer/yii/framework/web/CController.php(308): CInlineAction->runWithParams(Array)
#8 /Users/sem0026/Documents/WebServer/yii/framework/web/CController.php(286): CController->runAction(Object(CInlineAction))
#9 /Users/sem0026/Documents/WebServer/yii/framework/web/CController.php(265): CController->runActionWithFilters(Object(CInlineAction), Array)
#10 /Users/sem0026/Documents/WebServer/yii/framework/web/CWebApplication.php(282): CController->run('index')
#11 /Users/sem0026/Documents/WebServer/yii/framework/web/CWebApplication.php(141): CWebApplication->runController('location/index')
#12 /Users/sem0026/Documents/WebServer/yii/framework/base/CApplication.php(185): CWebApplication->processRequest()
#13 /Users/sem0026/Documents/WebServer/yii/testdrive/index.php(13): CApplication->run()
#14 {main}
REQUEST_URI=/?r=location/index
---
2020/01/22 08:24:18 [error] [exception.CDbException] CDbException: Relation "user" is not defined in active record class "User". in /Users/sem0026/Documents/WebServer/yii/framework/db/ar/CActiveFinder.php:227
Stack trace:
#0 /Users/sem0026/Documents/WebServer/yii/framework/db/ar/CActiveFinder.php(300): CActiveFinder->buildJoinTree(Object(CJoinElement), 'user')
#1 /Users/sem0026/Documents/WebServer/yii/framework/db/ar/CActiveFinder.php(48): CActiveFinder->buildJoinTree(Object(CJoinElement), Array)
#2 /Users/sem0026/Documents/WebServer/yii/framework/db/ar/CActiveRecord.php(915): CActiveFinder->__construct(Object(User), Array)
#3 /Users/sem0026/Documents/WebServer/yii/framework/db/ar/CActiveRecord.php(1363): CActiveRecord->getActiveFinder(Array)
#4 /Users/sem0026/Documents/WebServer/yii/framework/db/ar/CActiveRecord.php(1478): CActiveRecord->query(Object(CDbCriteria), true)
#5 /Users/sem0026/Documents/WebServer/yii/testdrive/protected/controllers/LocationController.php(45): CActiveRecord->findAll(Object(CDbCriteria))
#6 /Users/sem0026/Documents/WebServer/yii/framework/web/actions/CInlineAction.php(49): LocationController->actionIndex()
#7 /Users/sem0026/Documents/WebServer/yii/framework/web/CController.php(308): CInlineAction->runWithParams(Array)
#8 /Users/sem0026/Documents/WebServer/yii/framework/web/CController.php(286): CController->runAction(Object(CInlineAction))
#9 /Users/sem0026/Documents/WebServer/yii/framework/web/CController.php(265): CController->runActionWithFilters(Object(CInlineAction), Array)
#10 /Users/sem0026/Documents/WebServer/yii/framework/web/CWebApplication.php(282): CController->run('index')
#11 /Users/sem0026/Documents/WebServer/yii/framework/web/CWebApplication.php(141): CWebApplication->runController('location/index')
#12 /Users/sem0026/Documents/WebServer/yii/framework/base/CApplication.php(185): CWebApplication->processRequest()
#13 /Users/sem0026/Documents/WebServer/yii/testdrive/index.php(13): CApplication->run()
#14 {main}
REQUEST_URI=/?r=location/index
---
2020/01/22 08:24:18 [error] [exception.CDbException] CDbException: Relation "user" is not defined in active record class "User". in /Users/sem0026/Documents/WebServer/yii/framework/db/ar/CActiveFinder.php:227
Stack trace:
#0 /Users/sem0026/Documents/WebServer/yii/framework/db/ar/CActiveFinder.php(300): CActiveFinder->buildJoinTree(Object(CJoinElement), 'user')
#1 /Users/sem0026/Documents/WebServer/yii/framework/db/ar/CActiveFinder.php(48): CActiveFinder->buildJoinTree(Object(CJoinElement), Array)
#2 /Users/sem0026/Documents/WebServer/yii/framework/db/ar/CActiveRecord.php(915): CActiveFinder->__construct(Object(User), Array)
#3 /Users/sem0026/Documents/WebServer/yii/framework/db/ar/CActiveRecord.php(1363): CActiveRecord->getActiveFinder(Array)
#4 /Users/sem0026/Documents/WebServer/yii/framework/db/ar/CActiveRecord.php(1478): CActiveRecord->query(Object(CDbCriteria), true)
#5 /Users/sem0026/Documents/WebServer/yii/testdrive/protected/controllers/LocationController.php(45): CActiveRecord->findAll(Object(CDbCriteria))
#6 /Users/sem0026/Documents/WebServer/yii/framework/web/actions/CInlineAction.php(49): LocationController->actionIndex()
#7 /Users/sem0026/Documents/WebServer/yii/framework/web/CController.php(308): CInlineAction->runWithParams(Array)
#8 /Users/sem0026/Documents/WebServer/yii/framework/web/CController.php(286): CController->runAction(Object(CInlineAction))
#9 /Users/sem0026/Documents/WebServer/yii/framework/web/CController.php(265): CController->runActionWithFilters(Object(CInlineAction), Array)
#10 /Users/sem0026/Documents/WebServer/yii/framework/web/CWebApplication.php(282): CController->run('index')
#11 /Users/sem0026/Documents/WebServer/yii/framework/web/CWebApplication.php(141): CWebApplication->runController('location/index')
#12 /Users/sem0026/Documents/WebServer/yii/framework/base/CApplication.php(185): CWebApplication->processRequest()
#13 /Users/sem0026/Documents/WebServer/yii/testdrive/index.php(13): CApplication->run()
#14 {main}
REQUEST_URI=/?r=location/index
---
2020/01/22 08:24:18 [error] [exception.CDbException] CDbException: Relation "user" is not defined in active record class "User". in /Users/sem0026/Documents/WebServer/yii/framework/db/ar/CActiveFinder.php:227
Stack trace:
#0 /Users/sem0026/Documents/WebServer/yii/framework/db/ar/CActiveFinder.php(300): CActiveFinder->buildJoinTree(Object(CJoinElement), 'user')
#1 /Users/sem0026/Documents/WebServer/yii/framework/db/ar/CActiveFinder.php(48): CActiveFinder->buildJoinTree(Object(CJoinElement), Array)
#2 /Users/sem0026/Documents/WebServer/yii/framework/db/ar/CActiveRecord.php(915): CActiveFinder->__construct(Object(User), Array)
#3 /Users/sem0026/Documents/WebServer/yii/framework/db/ar/CActiveRecord.php(1363): CActiveRecord->getActiveFinder(Array)
#4 /Users/sem0026/Documents/WebServer/yii/framework/db/ar/CActiveRecord.php(1478): CActiveRecord->query(Object(CDbCriteria), true)
#5 /Users/sem0026/Documents/WebServer/yii/testdrive/protected/controllers/LocationController.php(45): CActiveRecord->findAll(Object(CDbCriteria))
#6 /Users/sem0026/Documents/WebServer/yii/framework/web/actions/CInlineAction.php(49): LocationController->actionIndex()
#7 /Users/sem0026/Documents/WebServer/yii/framework/web/CController.php(308): CInlineAction->runWithParams(Array)
#8 /Users/sem0026/Documents/WebServer/yii/framework/web/CController.php(286): CController->runAction(Object(CInlineAction))
#9 /Users/sem0026/Documents/WebServer/yii/framework/web/CController.php(265): CController->runActionWithFilters(Object(CInlineAction), Array)
#10 /Users/sem0026/Documents/WebServer/yii/framework/web/CWebApplication.php(282): CController->run('index')
#11 /Users/sem0026/Documents/WebServer/yii/framework/web/CWebApplication.php(141): CWebApplication->runController('location/index')
#12 /Users/sem0026/Documents/WebServer/yii/framework/base/CApplication.php(185): CWebApplication->processRequest()
#13 /Users/sem0026/Documents/WebServer/yii/testdrive/index.php(13): CApplication->run()
#14 {main}
REQUEST_URI=/?r=location/index
---
2020/01/22 08:24:57 [error] [system.db.CDbCommand] CDbCommand::fetchAll() failed: SQLSTATE[23000]: Integrity constraint violation: 1052 Column 'id' in order clause is ambiguous. The SQL statement executed was: SELECT `t`.`id` AS `t0_c0`, `t`.`user_id` AS `t0_c1`, `t`.`name` AS `t0_c2`, `t`.`city` AS `t0_c3`, `t`.`district` AS `t0_c4`, `user`.`id` AS `t1_c0`, `user`.`username` AS `t1_c1`, `user`.`email` AS `t1_c2`, `user`.`password` AS `t1_c3` FROM `locations` `t`  LEFT OUTER JOIN `users` `user` ON (`t`.`user_id`=`user`.`id`) ORDER BY id DESC LIMIT 2.
in /Users/sem0026/Documents/WebServer/yii/testdrive/protected/controllers/LocationController.php (45)
in /Users/sem0026/Documents/WebServer/yii/testdrive/index.php (13)
2020/01/22 08:24:57 [error] [exception.CDbException] CDbException: CDbCommand failed to execute the SQL statement: SQLSTATE[23000]: Integrity constraint violation: 1052 Column 'id' in order clause is ambiguous. The SQL statement executed was: SELECT `t`.`id` AS `t0_c0`, `t`.`user_id` AS `t0_c1`, `t`.`name` AS `t0_c2`, `t`.`city` AS `t0_c3`, `t`.`district` AS `t0_c4`, `user`.`id` AS `t1_c0`, `user`.`username` AS `t1_c1`, `user`.`email` AS `t1_c2`, `user`.`password` AS `t1_c3` FROM `locations` `t`  LEFT OUTER JOIN `users` `user` ON (`t`.`user_id`=`user`.`id`) ORDER BY id DESC LIMIT 2 in /Users/sem0026/Documents/WebServer/yii/framework/db/CDbCommand.php:543
Stack trace:
#0 /Users/sem0026/Documents/WebServer/yii/framework/db/CDbCommand.php(396): CDbCommand->queryInternal('fetchAll', Array, Array)
#1 /Users/sem0026/Documents/WebServer/yii/framework/db/ar/CActiveFinder.php(810): CDbCommand->queryAll()
#2 /Users/sem0026/Documents/WebServer/yii/framework/db/ar/CActiveFinder.php(441): CJoinElement->runQuery(Object(CJoinQuery))
#3 /Users/sem0026/Documents/WebServer/yii/framework/db/ar/CActiveFinder.php(68): CJoinElement->find(Object(CDbCriteria))
#4 /Users/sem0026/Documents/WebServer/yii/framework/db/ar/CActiveRecord.php(1364): CActiveFinder->query(Object(CDbCriteria), true)
#5 /Users/sem0026/Documents/WebServer/yii/framework/db/ar/CActiveRecord.php(1478): CActiveRecord->query(Object(CDbCriteria), true)
#6 /Users/sem0026/Documents/WebServer/yii/testdrive/protected/controllers/LocationController.php(45): CActiveRecord->findAll(Object(CDbCriteria))
#7 /Users/sem0026/Documents/WebServer/yii/framework/web/actions/CInlineAction.php(49): LocationController->actionIndex()
#8 /Users/sem0026/Documents/WebServer/yii/framework/web/CController.php(308): CInlineAction->runWithParams(Array)
#9 /Users/sem0026/Documents/WebServer/yii/framework/web/CController.php(286): CController->runAction(Object(CInlineAction))
#10 /Users/sem0026/Documents/WebServer/yii/framework/web/CController.php(265): CController->runActionWithFilters(Object(CInlineAction), Array)
#11 /Users/sem0026/Documents/WebServer/yii/framework/web/CWebApplication.php(282): CController->run('index')
#12 /Users/sem0026/Documents/WebServer/yii/framework/web/CWebApplication.php(141): CWebApplication->runController('location/index')
#13 /Users/sem0026/Documents/WebServer/yii/framework/base/CApplication.php(185): CWebApplication->processRequest()
#14 /Users/sem0026/Documents/WebServer/yii/testdrive/index.php(13): CApplication->run()
#15 {main}
REQUEST_URI=/?r=location/index
---
2020/01/22 08:25:20 [error] [system.db.CDbCommand] CDbCommand::fetchAll() failed: SQLSTATE[42S22]: Column not found: 1054 Unknown column 'location.id' in 'order clause'. The SQL statement executed was: SELECT `t`.`id` AS `t0_c0`, `t`.`user_id` AS `t0_c1`, `t`.`name` AS `t0_c2`, `t`.`city` AS `t0_c3`, `t`.`district` AS `t0_c4`, `user`.`id` AS `t1_c0`, `user`.`username` AS `t1_c1`, `user`.`email` AS `t1_c2`, `user`.`password` AS `t1_c3` FROM `locations` `t`  LEFT OUTER JOIN `users` `user` ON (`t`.`user_id`=`user`.`id`) ORDER BY location.id DESC LIMIT 2.
in /Users/sem0026/Documents/WebServer/yii/testdrive/protected/controllers/LocationController.php (45)
in /Users/sem0026/Documents/WebServer/yii/testdrive/index.php (13)
2020/01/22 08:25:20 [error] [exception.CDbException] CDbException: CDbCommand failed to execute the SQL statement: SQLSTATE[42S22]: Column not found: 1054 Unknown column 'location.id' in 'order clause'. The SQL statement executed was: SELECT `t`.`id` AS `t0_c0`, `t`.`user_id` AS `t0_c1`, `t`.`name` AS `t0_c2`, `t`.`city` AS `t0_c3`, `t`.`district` AS `t0_c4`, `user`.`id` AS `t1_c0`, `user`.`username` AS `t1_c1`, `user`.`email` AS `t1_c2`, `user`.`password` AS `t1_c3` FROM `locations` `t`  LEFT OUTER JOIN `users` `user` ON (`t`.`user_id`=`user`.`id`) ORDER BY location.id DESC LIMIT 2 in /Users/sem0026/Documents/WebServer/yii/framework/db/CDbCommand.php:543
Stack trace:
#0 /Users/sem0026/Documents/WebServer/yii/framework/db/CDbCommand.php(396): CDbCommand->queryInternal('fetchAll', Array, Array)
#1 /Users/sem0026/Documents/WebServer/yii/framework/db/ar/CActiveFinder.php(810): CDbCommand->queryAll()
#2 /Users/sem0026/Documents/WebServer/yii/framework/db/ar/CActiveFinder.php(441): CJoinElement->runQuery(Object(CJoinQuery))
#3 /Users/sem0026/Documents/WebServer/yii/framework/db/ar/CActiveFinder.php(68): CJoinElement->find(Object(CDbCriteria))
#4 /Users/sem0026/Documents/WebServer/yii/framework/db/ar/CActiveRecord.php(1364): CActiveFinder->query(Object(CDbCriteria), true)
#5 /Users/sem0026/Documents/WebServer/yii/framework/db/ar/CActiveRecord.php(1478): CActiveRecord->query(Object(CDbCriteria), true)
#6 /Users/sem0026/Documents/WebServer/yii/testdrive/protected/controllers/LocationController.php(45): CActiveRecord->findAll(Object(CDbCriteria))
#7 /Users/sem0026/Documents/WebServer/yii/framework/web/actions/CInlineAction.php(49): LocationController->actionIndex()
#8 /Users/sem0026/Documents/WebServer/yii/framework/web/CController.php(308): CInlineAction->runWithParams(Array)
#9 /Users/sem0026/Documents/WebServer/yii/framework/web/CController.php(286): CController->runAction(Object(CInlineAction))
#10 /Users/sem0026/Documents/WebServer/yii/framework/web/CController.php(265): CController->runActionWithFilters(Object(CInlineAction), Array)
#11 /Users/sem0026/Documents/WebServer/yii/framework/web/CWebApplication.php(282): CController->run('index')
#12 /Users/sem0026/Documents/WebServer/yii/framework/web/CWebApplication.php(141): CWebApplication->runController('location/index')
#13 /Users/sem0026/Documents/WebServer/yii/framework/base/CApplication.php(185): CWebApplication->processRequest()
#14 /Users/sem0026/Documents/WebServer/yii/testdrive/index.php(13): CApplication->run()
#15 {main}
REQUEST_URI=/?r=location/index
---
2020/01/22 08:26:10 [error] [exception.CException] CException: CAssetManager.basePath "/Users/sem0026/Documents/WebServer/yii/testdrive/assets" is invalid. Please make sure the directory exists and is writable by the Web server process. in /Users/sem0026/Documents/WebServer/yii/framework/web/CAssetManager.php:138
Stack trace:
#0 /Users/sem0026/Documents/WebServer/yii/framework/web/CAssetManager.php(123): CAssetManager->setBasePath('/Users/sem0026/...')
#1 /Users/sem0026/Documents/WebServer/yii/framework/web/CAssetManager.php(217): CAssetManager->getBasePath()
#2 /Users/sem0026/Documents/WebServer/yii/framework/web/helpers/CHtml.php(1400): CAssetManager->publish('/Users/sem0026/...', false)
#3 /Users/sem0026/Documents/WebServer/yii/framework/web/widgets/pagers/CLinkPager.php(236): CHtml::asset('/Users/sem0026/...')
#4 /Users/sem0026/Documents/WebServer/yii/framework/web/widgets/pagers/CLinkPager.php(226): CLinkPager::registerCssFile(NULL)
#5 /Users/sem0026/Documents/WebServer/yii/framework/web/widgets/pagers/CLinkPager.php(135): CLinkPager->registerClientScript()
#6 /Users/sem0026/Documents/WebServer/yii/framework/web/CBaseController.php(182): CLinkPager->run()
#7 /Users/sem0026/Documents/WebServer/yii/testdrive/protected/views/location/index.php(61): CBaseController->widget('CLinkPager', Array)
#8 /Users/sem0026/Documents/WebServer/yii/framework/web/CBaseController.php(126): require('/Users/sem0026/...')
#9 /Users/sem0026/Documents/WebServer/yii/framework/web/CBaseController.php(95): CBaseController->renderInternal('/Users/sem0026/...', Array, true)
#10 /Users/sem0026/Documents/WebServer/yii/framework/web/CController.php(872): CBaseController->renderFile('/Users/sem0026/...', Array, true)
#11 /Users/sem0026/Documents/WebServer/yii/framework/web/CController.php(785): CController->renderPartial('index', Array, true)
#12 /Users/sem0026/Documents/WebServer/yii/testdrive/protected/controllers/LocationController.php(53): CController->render('index', Array)
#13 /Users/sem0026/Documents/WebServer/yii/framework/web/actions/CInlineAction.php(49): LocationController->actionIndex()
#14 /Users/sem0026/Documents/WebServer/yii/framework/web/CController.php(308): CInlineAction->runWithParams(Array)
#15 /Users/sem0026/Documents/WebServer/yii/framework/web/CController.php(286): CController->runAction(Object(CInlineAction))
#16 /Users/sem0026/Documents/WebServer/yii/framework/web/CController.php(265): CController->runActionWithFilters(Object(CInlineAction), Array)
#17 /Users/sem0026/Documents/WebServer/yii/framework/web/CWebApplication.php(282): CController->run('index')
#18 /Users/sem0026/Documents/WebServer/yii/framework/web/CWebApplication.php(141): CWebApplication->runController('location/index')
#19 /Users/sem0026/Documents/WebServer/yii/framework/base/CApplication.php(185): CWebApplication->processRequest()
#20 /Users/sem0026/Documents/WebServer/yii/testdrive/index.php(13): CApplication->run()
#21 {main}
REQUEST_URI=/?r=location/index
---
2020/01/22 08:26:46 [error] [exception.CException] CException: CAssetManager.basePath "/Users/sem0026/Documents/WebServer/yii/testdrive/assets" is invalid. Please make sure the directory exists and is writable by the Web server process. in /Users/sem0026/Documents/WebServer/yii/framework/web/CAssetManager.php:138
Stack trace:
#0 /Users/sem0026/Documents/WebServer/yii/framework/web/CAssetManager.php(123): CAssetManager->setBasePath('/Users/sem0026/...')
#1 /Users/sem0026/Documents/WebServer/yii/framework/web/CAssetManager.php(217): CAssetManager->getBasePath()
#2 /Users/sem0026/Documents/WebServer/yii/framework/web/helpers/CHtml.php(1400): CAssetManager->publish('/Users/sem0026/...', false)
#3 /Users/sem0026/Documents/WebServer/yii/framework/web/widgets/pagers/CLinkPager.php(236): CHtml::asset('/Users/sem0026/...')
#4 /Users/sem0026/Documents/WebServer/yii/framework/web/widgets/pagers/CLinkPager.php(226): CLinkPager::registerCssFile(NULL)
#5 /Users/sem0026/Documents/WebServer/yii/framework/web/widgets/pagers/CLinkPager.php(135): CLinkPager->registerClientScript()
#6 /Users/sem0026/Documents/WebServer/yii/framework/web/CBaseController.php(182): CLinkPager->run()
#7 /Users/sem0026/Documents/WebServer/yii/testdrive/protected/views/location/index.php(71): CBaseController->widget('CLinkPager', Array)
#8 /Users/sem0026/Documents/WebServer/yii/framework/web/CBaseController.php(126): require('/Users/sem0026/...')
#9 /Users/sem0026/Documents/WebServer/yii/framework/web/CBaseController.php(95): CBaseController->renderInternal('/Users/sem0026/...', Array, true)
#10 /Users/sem0026/Documents/WebServer/yii/framework/web/CController.php(872): CBaseController->renderFile('/Users/sem0026/...', Array, true)
#11 /Users/sem0026/Documents/WebServer/yii/framework/web/CController.php(785): CController->renderPartial('index', Array, true)
#12 /Users/sem0026/Documents/WebServer/yii/testdrive/protected/controllers/LocationController.php(53): CController->render('index', Array)
#13 /Users/sem0026/Documents/WebServer/yii/framework/web/actions/CInlineAction.php(49): LocationController->actionIndex()
#14 /Users/sem0026/Documents/WebServer/yii/framework/web/CController.php(308): CInlineAction->runWithParams(Array)
#15 /Users/sem0026/Documents/WebServer/yii/framework/web/CController.php(286): CController->runAction(Object(CInlineAction))
#16 /Users/sem0026/Documents/WebServer/yii/framework/web/CController.php(265): CController->runActionWithFilters(Object(CInlineAction), Array)
#17 /Users/sem0026/Documents/WebServer/yii/framework/web/CWebApplication.php(282): CController->run('index')
#18 /Users/sem0026/Documents/WebServer/yii/framework/web/CWebApplication.php(141): CWebApplication->runController('location/index')
#19 /Users/sem0026/Documents/WebServer/yii/framework/base/CApplication.php(185): CWebApplication->processRequest()
#20 /Users/sem0026/Documents/WebServer/yii/testdrive/index.php(13): CApplication->run()
#21 {main}
REQUEST_URI=/?r=location/index
---
2020/01/22 08:26:47 [error] [exception.CException] CException: CAssetManager.basePath "/Users/sem0026/Documents/WebServer/yii/testdrive/assets" is invalid. Please make sure the directory exists and is writable by the Web server process. in /Users/sem0026/Documents/WebServer/yii/framework/web/CAssetManager.php:138
Stack trace:
#0 /Users/sem0026/Documents/WebServer/yii/framework/web/CAssetManager.php(123): CAssetManager->setBasePath('/Users/sem0026/...')
#1 /Users/sem0026/Documents/WebServer/yii/framework/web/CAssetManager.php(217): CAssetManager->getBasePath()
#2 /Users/sem0026/Documents/WebServer/yii/framework/web/helpers/CHtml.php(1400): CAssetManager->publish('/Users/sem0026/...', false)
#3 /Users/sem0026/Documents/WebServer/yii/framework/web/widgets/pagers/CLinkPager.php(236): CHtml::asset('/Users/sem0026/...')
#4 /Users/sem0026/Documents/WebServer/yii/framework/web/widgets/pagers/CLinkPager.php(226): CLinkPager::registerCssFile(NULL)
#5 /Users/sem0026/Documents/WebServer/yii/framework/web/widgets/pagers/CLinkPager.php(135): CLinkPager->registerClientScript()
#6 /Users/sem0026/Documents/WebServer/yii/framework/web/CBaseController.php(182): CLinkPager->run()
#7 /Users/sem0026/Documents/WebServer/yii/testdrive/protected/views/location/index.php(71): CBaseController->widget('CLinkPager', Array)
#8 /Users/sem0026/Documents/WebServer/yii/framework/web/CBaseController.php(126): require('/Users/sem0026/...')
#9 /Users/sem0026/Documents/WebServer/yii/framework/web/CBaseController.php(95): CBaseController->renderInternal('/Users/sem0026/...', Array, true)
#10 /Users/sem0026/Documents/WebServer/yii/framework/web/CController.php(872): CBaseController->renderFile('/Users/sem0026/...', Array, true)
#11 /Users/sem0026/Documents/WebServer/yii/framework/web/CController.php(785): CController->renderPartial('index', Array, true)
#12 /Users/sem0026/Documents/WebServer/yii/testdrive/protected/controllers/LocationController.php(53): CController->render('index', Array)
#13 /Users/sem0026/Documents/WebServer/yii/framework/web/actions/CInlineAction.php(49): LocationController->actionIndex()
#14 /Users/sem0026/Documents/WebServer/yii/framework/web/CController.php(308): CInlineAction->runWithParams(Array)
#15 /Users/sem0026/Documents/WebServer/yii/framework/web/CController.php(286): CController->runAction(Object(CInlineAction))
#16 /Users/sem0026/Documents/WebServer/yii/framework/web/CController.php(265): CController->runActionWithFilters(Object(CInlineAction), Array)
#17 /Users/sem0026/Documents/WebServer/yii/framework/web/CWebApplication.php(282): CController->run('index')
#18 /Users/sem0026/Documents/WebServer/yii/framework/web/CWebApplication.php(141): CWebApplication->runController('location/index')
#19 /Users/sem0026/Documents/WebServer/yii/framework/base/CApplication.php(185): CWebApplication->processRequest()
#20 /Users/sem0026/Documents/WebServer/yii/testdrive/index.php(13): CApplication->run()
#21 {main}
REQUEST_URI=/?r=location/index
---
2020/01/22 08:26:47 [error] [exception.CException] CException: CAssetManager.basePath "/Users/sem0026/Documents/WebServer/yii/testdrive/assets" is invalid. Please make sure the directory exists and is writable by the Web server process. in /Users/sem0026/Documents/WebServer/yii/framework/web/CAssetManager.php:138
Stack trace:
#0 /Users/sem0026/Documents/WebServer/yii/framework/web/CAssetManager.php(123): CAssetManager->setBasePath('/Users/sem0026/...')
#1 /Users/sem0026/Documents/WebServer/yii/framework/web/CAssetManager.php(217): CAssetManager->getBasePath()
#2 /Users/sem0026/Documents/WebServer/yii/framework/web/helpers/CHtml.php(1400): CAssetManager->publish('/Users/sem0026/...', false)
#3 /Users/sem0026/Documents/WebServer/yii/framework/web/widgets/pagers/CLinkPager.php(236): CHtml::asset('/Users/sem0026/...')
#4 /Users/sem0026/Documents/WebServer/yii/framework/web/widgets/pagers/CLinkPager.php(226): CLinkPager::registerCssFile(NULL)
#5 /Users/sem0026/Documents/WebServer/yii/framework/web/widgets/pagers/CLinkPager.php(135): CLinkPager->registerClientScript()
#6 /Users/sem0026/Documents/WebServer/yii/framework/web/CBaseController.php(182): CLinkPager->run()
#7 /Users/sem0026/Documents/WebServer/yii/testdrive/protected/views/location/index.php(71): CBaseController->widget('CLinkPager', Array)
#8 /Users/sem0026/Documents/WebServer/yii/framework/web/CBaseController.php(126): require('/Users/sem0026/...')
#9 /Users/sem0026/Documents/WebServer/yii/framework/web/CBaseController.php(95): CBaseController->renderInternal('/Users/sem0026/...', Array, true)
#10 /Users/sem0026/Documents/WebServer/yii/framework/web/CController.php(872): CBaseController->renderFile('/Users/sem0026/...', Array, true)
#11 /Users/sem0026/Documents/WebServer/yii/framework/web/CController.php(785): CController->renderPartial('index', Array, true)
#12 /Users/sem0026/Documents/WebServer/yii/testdrive/protected/controllers/LocationController.php(53): CController->render('index', Array)
#13 /Users/sem0026/Documents/WebServer/yii/framework/web/actions/CInlineAction.php(49): LocationController->actionIndex()
#14 /Users/sem0026/Documents/WebServer/yii/framework/web/CController.php(308): CInlineAction->runWithParams(Array)
#15 /Users/sem0026/Documents/WebServer/yii/framework/web/CController.php(286): CController->runAction(Object(CInlineAction))
#16 /Users/sem0026/Documents/WebServer/yii/framework/web/CController.php(265): CController->runActionWithFilters(Object(CInlineAction), Array)
#17 /Users/sem0026/Documents/WebServer/yii/framework/web/CWebApplication.php(282): CController->run('index')
#18 /Users/sem0026/Documents/WebServer/yii/framework/web/CWebApplication.php(141): CWebApplication->runController('location/index')
#19 /Users/sem0026/Documents/WebServer/yii/framework/base/CApplication.php(185): CWebApplication->processRequest()
#20 /Users/sem0026/Documents/WebServer/yii/testdrive/index.php(13): CApplication->run()
#21 {main}
REQUEST_URI=/?r=location/index
---
2020/01/22 08:26:56 [error] [exception.CException] CException: CAssetManager.basePath "/Users/sem0026/Documents/WebServer/yii/testdrive/assets" is invalid. Please make sure the directory exists and is writable by the Web server process. in /Users/sem0026/Documents/WebServer/yii/framework/web/CAssetManager.php:138
Stack trace:
#0 /Users/sem0026/Documents/WebServer/yii/framework/web/CAssetManager.php(123): CAssetManager->setBasePath('/Users/sem0026/...')
#1 /Users/sem0026/Documents/WebServer/yii/framework/web/CAssetManager.php(217): CAssetManager->getBasePath()
#2 /Users/sem0026/Documents/WebServer/yii/framework/web/helpers/CHtml.php(1400): CAssetManager->publish('/Users/sem0026/...', false)
#3 /Users/sem0026/Documents/WebServer/yii/framework/web/widgets/pagers/CLinkPager.php(236): CHtml::asset('/Users/sem0026/...')
#4 /Users/sem0026/Documents/WebServer/yii/framework/web/widgets/pagers/CLinkPager.php(226): CLinkPager::registerCssFile(NULL)
#5 /Users/sem0026/Documents/WebServer/yii/framework/web/widgets/pagers/CLinkPager.php(135): CLinkPager->registerClientScript()
#6 /Users/sem0026/Documents/WebServer/yii/framework/web/CBaseController.php(182): CLinkPager->run()
#7 /Users/sem0026/Documents/WebServer/yii/testdrive/protected/views/location/index.php(64): CBaseController->widget('CLinkPager', Array)
#8 /Users/sem0026/Documents/WebServer/yii/framework/web/CBaseController.php(126): require('/Users/sem0026/...')
#9 /Users/sem0026/Documents/WebServer/yii/framework/web/CBaseController.php(95): CBaseController->renderInternal('/Users/sem0026/...', Array, true)
#10 /Users/sem0026/Documents/WebServer/yii/framework/web/CController.php(872): CBaseController->renderFile('/Users/sem0026/...', Array, true)
#11 /Users/sem0026/Documents/WebServer/yii/framework/web/CController.php(785): CController->renderPartial('index', Array, true)
#12 /Users/sem0026/Documents/WebServer/yii/testdrive/protected/controllers/LocationController.php(53): CController->render('index', Array)
#13 /Users/sem0026/Documents/WebServer/yii/framework/web/actions/CInlineAction.php(49): LocationController->actionIndex()
#14 /Users/sem0026/Documents/WebServer/yii/framework/web/CController.php(308): CInlineAction->runWithParams(Array)
#15 /Users/sem0026/Documents/WebServer/yii/framework/web/CController.php(286): CController->runAction(Object(CInlineAction))
#16 /Users/sem0026/Documents/WebServer/yii/framework/web/CController.php(265): CController->runActionWithFilters(Object(CInlineAction), Array)
#17 /Users/sem0026/Documents/WebServer/yii/framework/web/CWebApplication.php(282): CController->run('index')
#18 /Users/sem0026/Documents/WebServer/yii/framework/web/CWebApplication.php(141): CWebApplication->runController('location/index')
#19 /Users/sem0026/Documents/WebServer/yii/framework/base/CApplication.php(185): CWebApplication->processRequest()
#20 /Users/sem0026/Documents/WebServer/yii/testdrive/index.php(13): CApplication->run()
#21 {main}
REQUEST_URI=/?r=location/index
---
2020/01/22 08:27:24 [error] [exception.CException] CException: CAssetManager.basePath "/Users/sem0026/Documents/WebServer/yii/testdrive/assets" is invalid. Please make sure the directory exists and is writable by the Web server process. in /Users/sem0026/Documents/WebServer/yii/framework/web/CAssetManager.php:138
Stack trace:
#0 /Users/sem0026/Documents/WebServer/yii/framework/web/CAssetManager.php(123): CAssetManager->setBasePath('/Users/sem0026/...')
#1 /Users/sem0026/Documents/WebServer/yii/framework/web/CAssetManager.php(217): CAssetManager->getBasePath()
#2 /Users/sem0026/Documents/WebServer/yii/framework/web/helpers/CHtml.php(1400): CAssetManager->publish('/Users/sem0026/...', false)
#3 /Users/sem0026/Documents/WebServer/yii/framework/web/widgets/pagers/CLinkPager.php(236): CHtml::asset('/Users/sem0026/...')
#4 /Users/sem0026/Documents/WebServer/yii/framework/web/widgets/pagers/CLinkPager.php(226): CLinkPager::registerCssFile(NULL)
#5 /Users/sem0026/Documents/WebServer/yii/framework/web/widgets/pagers/CLinkPager.php(135): CLinkPager->registerClientScript()
#6 /Users/sem0026/Documents/WebServer/yii/framework/web/CBaseController.php(182): CLinkPager->run()
#7 /Users/sem0026/Documents/WebServer/yii/testdrive/protected/views/location/index.php(61): CBaseController->widget('CLinkPager', Array)
#8 /Users/sem0026/Documents/WebServer/yii/framework/web/CBaseController.php(126): require('/Users/sem0026/...')
#9 /Users/sem0026/Documents/WebServer/yii/framework/web/CBaseController.php(95): CBaseController->renderInternal('/Users/sem0026/...', Array, true)
#10 /Users/sem0026/Documents/WebServer/yii/framework/web/CController.php(872): CBaseController->renderFile('/Users/sem0026/...', Array, true)
#11 /Users/sem0026/Documents/WebServer/yii/framework/web/CController.php(785): CController->renderPartial('index', Array, true)
#12 /Users/sem0026/Documents/WebServer/yii/testdrive/protected/controllers/LocationController.php(53): CController->render('index', Array)
#13 /Users/sem0026/Documents/WebServer/yii/framework/web/actions/CInlineAction.php(49): LocationController->actionIndex()
#14 /Users/sem0026/Documents/WebServer/yii/framework/web/CController.php(308): CInlineAction->runWithParams(Array)
#15 /Users/sem0026/Documents/WebServer/yii/framework/web/CController.php(286): CController->runAction(Object(CInlineAction))
#16 /Users/sem0026/Documents/WebServer/yii/framework/web/CController.php(265): CController->runActionWithFilters(Object(CInlineAction), Array)
#17 /Users/sem0026/Documents/WebServer/yii/framework/web/CWebApplication.php(282): CController->run('index')
#18 /Users/sem0026/Documents/WebServer/yii/framework/web/CWebApplication.php(141): CWebApplication->runController('location/index')
#19 /Users/sem0026/Documents/WebServer/yii/framework/base/CApplication.php(185): CWebApplication->processRequest()
#20 /Users/sem0026/Documents/WebServer/yii/testdrive/index.php(13): CApplication->run()
#21 {main}
REQUEST_URI=/?r=location/index
---
2020/01/22 08:28:34 [error] [exception.CException] CException: CAssetManager.basePath "/Users/sem0026/Documents/WebServer/yii/testdrive/assets" is invalid. Please make sure the directory exists and is writable by the Web server process. in /Users/sem0026/Documents/WebServer/yii/framework/web/CAssetManager.php:138
Stack trace:
#0 /Users/sem0026/Documents/WebServer/yii/framework/web/CAssetManager.php(123): CAssetManager->setBasePath('/Users/sem0026/...')
#1 /Users/sem0026/Documents/WebServer/yii/framework/web/CAssetManager.php(217): CAssetManager->getBasePath()
#2 /Users/sem0026/Documents/WebServer/yii/framework/web/helpers/CHtml.php(1400): CAssetManager->publish('/Users/sem0026/...', false)
#3 /Users/sem0026/Documents/WebServer/yii/framework/web/widgets/pagers/CLinkPager.php(236): CHtml::asset('/Users/sem0026/...')
#4 /Users/sem0026/Documents/WebServer/yii/framework/web/widgets/pagers/CLinkPager.php(226): CLinkPager::registerCssFile(NULL)
#5 /Users/sem0026/Documents/WebServer/yii/framework/web/widgets/pagers/CLinkPager.php(135): CLinkPager->registerClientScript()
#6 /Users/sem0026/Documents/WebServer/yii/framework/web/CBaseController.php(182): CLinkPager->run()
#7 /Users/sem0026/Documents/WebServer/yii/testdrive/protected/views/location/index.php(61): CBaseController->widget('CLinkPager', Array)
#8 /Users/sem0026/Documents/WebServer/yii/framework/web/CBaseController.php(126): require('/Users/sem0026/...')
#9 /Users/sem0026/Documents/WebServer/yii/framework/web/CBaseController.php(95): CBaseController->renderInternal('/Users/sem0026/...', Array, true)
#10 /Users/sem0026/Documents/WebServer/yii/framework/web/CController.php(872): CBaseController->renderFile('/Users/sem0026/...', Array, true)
#11 /Users/sem0026/Documents/WebServer/yii/framework/web/CController.php(785): CController->renderPartial('index', Array, true)
#12 /Users/sem0026/Documents/WebServer/yii/testdrive/protected/controllers/LocationController.php(53): CController->render('index', Array)
#13 /Users/sem0026/Documents/WebServer/yii/framework/web/actions/CInlineAction.php(49): LocationController->actionIndex()
#14 /Users/sem0026/Documents/WebServer/yii/framework/web/CController.php(308): CInlineAction->runWithParams(Array)
#15 /Users/sem0026/Documents/WebServer/yii/framework/web/CController.php(286): CController->runAction(Object(CInlineAction))
#16 /Users/sem0026/Documents/WebServer/yii/framework/web/CController.php(265): CController->runActionWithFilters(Object(CInlineAction), Array)
#17 /Users/sem0026/Documents/WebServer/yii/framework/web/CWebApplication.php(282): CController->run('index')
#18 /Users/sem0026/Documents/WebServer/yii/framework/web/CWebApplication.php(141): CWebApplication->runController('location/index')
#19 /Users/sem0026/Documents/WebServer/yii/framework/base/CApplication.php(185): CWebApplication->processRequest()
#20 /Users/sem0026/Documents/WebServer/yii/testdrive/index.php(13): CApplication->run()
#21 {main}
REQUEST_URI=/?r=location/index
---
2020/01/22 08:28:35 [error] [exception.CException] CException: CAssetManager.basePath "/Users/sem0026/Documents/WebServer/yii/testdrive/assets" is invalid. Please make sure the directory exists and is writable by the Web server process. in /Users/sem0026/Documents/WebServer/yii/framework/web/CAssetManager.php:138
Stack trace:
#0 /Users/sem0026/Documents/WebServer/yii/framework/web/CAssetManager.php(123): CAssetManager->setBasePath('/Users/sem0026/...')
#1 /Users/sem0026/Documents/WebServer/yii/framework/web/CAssetManager.php(217): CAssetManager->getBasePath()
#2 /Users/sem0026/Documents/WebServer/yii/framework/web/helpers/CHtml.php(1400): CAssetManager->publish('/Users/sem0026/...', false)
#3 /Users/sem0026/Documents/WebServer/yii/framework/web/widgets/pagers/CLinkPager.php(236): CHtml::asset('/Users/sem0026/...')
#4 /Users/sem0026/Documents/WebServer/yii/framework/web/widgets/pagers/CLinkPager.php(226): CLinkPager::registerCssFile(NULL)
#5 /Users/sem0026/Documents/WebServer/yii/framework/web/widgets/pagers/CLinkPager.php(135): CLinkPager->registerClientScript()
#6 /Users/sem0026/Documents/WebServer/yii/framework/web/CBaseController.php(182): CLinkPager->run()
#7 /Users/sem0026/Documents/WebServer/yii/testdrive/protected/views/location/index.php(61): CBaseController->widget('CLinkPager', Array)
#8 /Users/sem0026/Documents/WebServer/yii/framework/web/CBaseController.php(126): require('/Users/sem0026/...')
#9 /Users/sem0026/Documents/WebServer/yii/framework/web/CBaseController.php(95): CBaseController->renderInternal('/Users/sem0026/...', Array, true)
#10 /Users/sem0026/Documents/WebServer/yii/framework/web/CController.php(872): CBaseController->renderFile('/Users/sem0026/...', Array, true)
#11 /Users/sem0026/Documents/WebServer/yii/framework/web/CController.php(785): CController->renderPartial('index', Array, true)
#12 /Users/sem0026/Documents/WebServer/yii/testdrive/protected/controllers/LocationController.php(53): CController->render('index', Array)
#13 /Users/sem0026/Documents/WebServer/yii/framework/web/actions/CInlineAction.php(49): LocationController->actionIndex()
#14 /Users/sem0026/Documents/WebServer/yii/framework/web/CController.php(308): CInlineAction->runWithParams(Array)
#15 /Users/sem0026/Documents/WebServer/yii/framework/web/CController.php(286): CController->runAction(Object(CInlineAction))
#16 /Users/sem0026/Documents/WebServer/yii/framework/web/CController.php(265): CController->runActionWithFilters(Object(CInlineAction), Array)
#17 /Users/sem0026/Documents/WebServer/yii/framework/web/CWebApplication.php(282): CController->run('index')
#18 /Users/sem0026/Documents/WebServer/yii/framework/web/CWebApplication.php(141): CWebApplication->runController('location/index')
#19 /Users/sem0026/Documents/WebServer/yii/framework/base/CApplication.php(185): CWebApplication->processRequest()
#20 /Users/sem0026/Documents/WebServer/yii/testdrive/index.php(13): CApplication->run()
#21 {main}
REQUEST_URI=/?r=location/index
---
2020/01/22 08:28:36 [error] [exception.CException] CException: CAssetManager.basePath "/Users/sem0026/Documents/WebServer/yii/testdrive/assets" is invalid. Please make sure the directory exists and is writable by the Web server process. in /Users/sem0026/Documents/WebServer/yii/framework/web/CAssetManager.php:138
Stack trace:
#0 /Users/sem0026/Documents/WebServer/yii/framework/web/CAssetManager.php(123): CAssetManager->setBasePath('/Users/sem0026/...')
#1 /Users/sem0026/Documents/WebServer/yii/framework/web/CAssetManager.php(217): CAssetManager->getBasePath()
#2 /Users/sem0026/Documents/WebServer/yii/framework/web/helpers/CHtml.php(1400): CAssetManager->publish('/Users/sem0026/...', false)
#3 /Users/sem0026/Documents/WebServer/yii/framework/web/widgets/pagers/CLinkPager.php(236): CHtml::asset('/Users/sem0026/...')
#4 /Users/sem0026/Documents/WebServer/yii/framework/web/widgets/pagers/CLinkPager.php(226): CLinkPager::registerCssFile(NULL)
#5 /Users/sem0026/Documents/WebServer/yii/framework/web/widgets/pagers/CLinkPager.php(135): CLinkPager->registerClientScript()
#6 /Users/sem0026/Documents/WebServer/yii/framework/web/CBaseController.php(182): CLinkPager->run()
#7 /Users/sem0026/Documents/WebServer/yii/testdrive/protected/views/location/index.php(61): CBaseController->widget('CLinkPager', Array)
#8 /Users/sem0026/Documents/WebServer/yii/framework/web/CBaseController.php(126): require('/Users/sem0026/...')
#9 /Users/sem0026/Documents/WebServer/yii/framework/web/CBaseController.php(95): CBaseController->renderInternal('/Users/sem0026/...', Array, true)
#10 /Users/sem0026/Documents/WebServer/yii/framework/web/CController.php(872): CBaseController->renderFile('/Users/sem0026/...', Array, true)
#11 /Users/sem0026/Documents/WebServer/yii/framework/web/CController.php(785): CController->renderPartial('index', Array, true)
#12 /Users/sem0026/Documents/WebServer/yii/testdrive/protected/controllers/LocationController.php(53): CController->render('index', Array)
#13 /Users/sem0026/Documents/WebServer/yii/framework/web/actions/CInlineAction.php(49): LocationController->actionIndex()
#14 /Users/sem0026/Documents/WebServer/yii/framework/web/CController.php(308): CInlineAction->runWithParams(Array)
#15 /Users/sem0026/Documents/WebServer/yii/framework/web/CController.php(286): CController->runAction(Object(CInlineAction))
#16 /Users/sem0026/Documents/WebServer/yii/framework/web/CController.php(265): CController->runActionWithFilters(Object(CInlineAction), Array)
#17 /Users/sem0026/Documents/WebServer/yii/framework/web/CWebApplication.php(282): CController->run('index')
#18 /Users/sem0026/Documents/WebServer/yii/framework/web/CWebApplication.php(141): CWebApplication->runController('location/index')
#19 /Users/sem0026/Documents/WebServer/yii/framework/base/CApplication.php(185): CWebApplication->processRequest()
#20 /Users/sem0026/Documents/WebServer/yii/testdrive/index.php(13): CApplication->run()
#21 {main}
REQUEST_URI=/?r=location/index
---
2020/01/22 08:39:25 [error] [exception.CException] CException: Property "CLinkPager.itemsCssClass" is not defined. in /Users/sem0026/Documents/WebServer/yii/framework/base/CComponent.php:173
Stack trace:
#0 /Users/sem0026/Documents/WebServer/yii/framework/web/CWidgetFactory.php(161): CComponent->__set('itemsCssClass', 'table table-str...')
#1 /Users/sem0026/Documents/WebServer/yii/framework/web/CBaseController.php(146): CWidgetFactory->createWidget(Object(LocationController), 'CLinkPager', Array)
#2 /Users/sem0026/Documents/WebServer/yii/framework/web/CBaseController.php(181): CBaseController->createWidget('CLinkPager', Array)
#3 /Users/sem0026/Documents/WebServer/yii/testdrive/protected/views/location/index.php(61): CBaseController->widget('CLinkPager', Array)
#4 /Users/sem0026/Documents/WebServer/yii/framework/web/CBaseController.php(126): require('/Users/sem0026/...')
#5 /Users/sem0026/Documents/WebServer/yii/framework/web/CBaseController.php(95): CBaseController->renderInternal('/Users/sem0026/...', Array, true)
#6 /Users/sem0026/Documents/WebServer/yii/framework/web/CController.php(872): CBaseController->renderFile('/Users/sem0026/...', Array, true)
#7 /Users/sem0026/Documents/WebServer/yii/framework/web/CController.php(785): CController->renderPartial('index', Array, true)
#8 /Users/sem0026/Documents/WebServer/yii/testdrive/protected/controllers/LocationController.php(53): CController->render('index', Array)
#9 /Users/sem0026/Documents/WebServer/yii/framework/web/actions/CInlineAction.php(49): LocationController->actionIndex()
#10 /Users/sem0026/Documents/WebServer/yii/framework/web/CController.php(308): CInlineAction->runWithParams(Array)
#11 /Users/sem0026/Documents/WebServer/yii/framework/web/CController.php(286): CController->runAction(Object(CInlineAction))
#12 /Users/sem0026/Documents/WebServer/yii/framework/web/CController.php(265): CController->runActionWithFilters(Object(CInlineAction), Array)
#13 /Users/sem0026/Documents/WebServer/yii/framework/web/CWebApplication.php(282): CController->run('index')
#14 /Users/sem0026/Documents/WebServer/yii/framework/web/CWebApplication.php(141): CWebApplication->runController('location/index')
#15 /Users/sem0026/Documents/WebServer/yii/framework/base/CApplication.php(185): CWebApplication->processRequest()
#16 /Users/sem0026/Documents/WebServer/yii/testdrive/index.php(13): CApplication->run()
#17 {main}
REQUEST_URI=/index.php?r=location/index
HTTP_REFERER=http://test.localhost/index.php?r=location/index&page=3
---
2020/01/22 08:40:06 [error] [exception.CException] CException: Property "CLinkPager.pager" is not defined. in /Users/sem0026/Documents/WebServer/yii/framework/base/CComponent.php:173
Stack trace:
#0 /Users/sem0026/Documents/WebServer/yii/framework/web/CWidgetFactory.php(161): CComponent->__set('pager', Array)
#1 /Users/sem0026/Documents/WebServer/yii/framework/web/CBaseController.php(146): CWidgetFactory->createWidget(Object(LocationController), 'CLinkPager', Array)
#2 /Users/sem0026/Documents/WebServer/yii/framework/web/CBaseController.php(181): CBaseController->createWidget('CLinkPager', Array)
#3 /Users/sem0026/Documents/WebServer/yii/testdrive/protected/views/location/index.php(61): CBaseController->widget('CLinkPager', Array)
#4 /Users/sem0026/Documents/WebServer/yii/framework/web/CBaseController.php(126): require('/Users/sem0026/...')
#5 /Users/sem0026/Documents/WebServer/yii/framework/web/CBaseController.php(95): CBaseController->renderInternal('/Users/sem0026/...', Array, true)
#6 /Users/sem0026/Documents/WebServer/yii/framework/web/CController.php(872): CBaseController->renderFile('/Users/sem0026/...', Array, true)
#7 /Users/sem0026/Documents/WebServer/yii/framework/web/CController.php(785): CController->renderPartial('index', Array, true)
#8 /Users/sem0026/Documents/WebServer/yii/testdrive/protected/controllers/LocationController.php(53): CController->render('index', Array)
#9 /Users/sem0026/Documents/WebServer/yii/framework/web/actions/CInlineAction.php(49): LocationController->actionIndex()
#10 /Users/sem0026/Documents/WebServer/yii/framework/web/CController.php(308): CInlineAction->runWithParams(Array)
#11 /Users/sem0026/Documents/WebServer/yii/framework/web/CController.php(286): CController->runAction(Object(CInlineAction))
#12 /Users/sem0026/Documents/WebServer/yii/framework/web/CController.php(265): CController->runActionWithFilters(Object(CInlineAction), Array)
#13 /Users/sem0026/Documents/WebServer/yii/framework/web/CWebApplication.php(282): CController->run('index')
#14 /Users/sem0026/Documents/WebServer/yii/framework/web/CWebApplication.php(141): CWebApplication->runController('location/index')
#15 /Users/sem0026/Documents/WebServer/yii/framework/base/CApplication.php(185): CWebApplication->processRequest()
#16 /Users/sem0026/Documents/WebServer/yii/testdrive/index.php(13): CApplication->run()
#17 {main}
REQUEST_URI=/index.php?r=location/index
HTTP_REFERER=http://test.localhost/index.php?r=location/index&page=3
---
2020/01/22 08:40:26 [error] [exception.CException] CException: Property "CLinkPager.class" is not defined. in /Users/sem0026/Documents/WebServer/yii/framework/base/CComponent.php:173
Stack trace:
#0 /Users/sem0026/Documents/WebServer/yii/framework/web/CWidgetFactory.php(161): CComponent->__set('class', 'bootstraplinkpa...')
#1 /Users/sem0026/Documents/WebServer/yii/framework/web/CBaseController.php(146): CWidgetFactory->createWidget(Object(LocationController), 'CLinkPager', Array)
#2 /Users/sem0026/Documents/WebServer/yii/framework/web/CBaseController.php(181): CBaseController->createWidget('CLinkPager', Array)
#3 /Users/sem0026/Documents/WebServer/yii/testdrive/protected/views/location/index.php(79): CBaseController->widget('CLinkPager', Array)
#4 /Users/sem0026/Documents/WebServer/yii/framework/web/CBaseController.php(126): require('/Users/sem0026/...')
#5 /Users/sem0026/Documents/WebServer/yii/framework/web/CBaseController.php(95): CBaseController->renderInternal('/Users/sem0026/...', Array, true)
#6 /Users/sem0026/Documents/WebServer/yii/framework/web/CController.php(872): CBaseController->renderFile('/Users/sem0026/...', Array, true)
#7 /Users/sem0026/Documents/WebServer/yii/framework/web/CController.php(785): CController->renderPartial('index', Array, true)
#8 /Users/sem0026/Documents/WebServer/yii/testdrive/protected/controllers/LocationController.php(53): CController->render('index', Array)
#9 /Users/sem0026/Documents/WebServer/yii/framework/web/actions/CInlineAction.php(49): LocationController->actionIndex()
#10 /Users/sem0026/Documents/WebServer/yii/framework/web/CController.php(308): CInlineAction->runWithParams(Array)
#11 /Users/sem0026/Documents/WebServer/yii/framework/web/CController.php(286): CController->runAction(Object(CInlineAction))
#12 /Users/sem0026/Documents/WebServer/yii/framework/web/CController.php(265): CController->runActionWithFilters(Object(CInlineAction), Array)
#13 /Users/sem0026/Documents/WebServer/yii/framework/web/CWebApplication.php(282): CController->run('index')
#14 /Users/sem0026/Documents/WebServer/yii/framework/web/CWebApplication.php(141): CWebApplication->runController('location/index')
#15 /Users/sem0026/Documents/WebServer/yii/framework/base/CApplication.php(185): CWebApplication->processRequest()
#16 /Users/sem0026/Documents/WebServer/yii/testdrive/index.php(13): CApplication->run()
#17 {main}
REQUEST_URI=/index.php?r=location/index
HTTP_REFERER=http://test.localhost/index.php?r=location/index&page=3
---
2020/01/22 08:48:47 [error] [exception.CHttpException.404] CHttpException: The system is unable to find the requested action "create". in /Users/sem0026/Documents/WebServer/yii/framework/web/CController.php:486
Stack trace:
#0 /Users/sem0026/Documents/WebServer/yii/framework/web/CController.php(270): CController->missingAction('create')
#1 /Users/sem0026/Documents/WebServer/yii/framework/web/CWebApplication.php(282): CController->run('create')
#2 /Users/sem0026/Documents/WebServer/yii/framework/web/CWebApplication.php(141): CWebApplication->runController('location/create')
#3 /Users/sem0026/Documents/WebServer/yii/framework/base/CApplication.php(185): CWebApplication->processRequest()
#4 /Users/sem0026/Documents/WebServer/yii/testdrive/index.php(13): CApplication->run()
#5 {main}
REQUEST_URI=/?r=location/create
HTTP_REFERER=http://test.localhost/index.php?r=location/index
---
2020/01/22 09:13:10 [error] [exception.Error] Error: Call to a member function getErrors() on null in /Users/sem0026/Documents/WebServer/yii/testdrive/protected/views/location/create.php:7
Stack trace:
#0 /Users/sem0026/Documents/WebServer/yii/framework/web/CBaseController.php(126): require()
#1 /Users/sem0026/Documents/WebServer/yii/framework/web/CBaseController.php(95): CBaseController->renderInternal('/Users/sem0026/...', Array, true)
#2 /Users/sem0026/Documents/WebServer/yii/framework/web/CController.php(872): CBaseController->renderFile('/Users/sem0026/...', Array, true)
#3 /Users/sem0026/Documents/WebServer/yii/framework/web/CController.php(785): CController->renderPartial('create', Array, true)
#4 /Users/sem0026/Documents/WebServer/yii/testdrive/protected/controllers/LocationController.php(82): CController->render('create', Array)
#5 /Users/sem0026/Documents/WebServer/yii/framework/web/actions/CInlineAction.php(49): LocationController->actionCreate()
#6 /Users/sem0026/Documents/WebServer/yii/framework/web/CController.php(308): CInlineAction->runWithParams(Array)
#7 /Users/sem0026/Documents/WebServer/yii/framework/web/CController.php(286): CController->runAction(Object(CInlineAction))
#8 /Users/sem0026/Documents/WebServer/yii/framework/web/CController.php(265): CController->runActionWithFilters(Object(CInlineAction), Array)
#9 /Users/sem0026/Documents/WebServer/yii/framework/web/CWebApplication.php(282): CController->run('create')
#10 /Users/sem0026/Documents/WebServer/yii/framework/web/CWebApplication.php(141): CWebApplication->runController('location/create')
#11 /Users/sem0026/Documents/WebServer/yii/framework/base/CApplication.php(185): CWebApplication->processRequest()
#12 /Users/sem0026/Documents/WebServer/yii/testdrive/index.php(13): CApplication->run()
#13 {main}
REQUEST_URI=/?r=location/create
HTTP_REFERER=http://test.localhost/index.php?r=location/index
---
2020/01/22 09:21:21 [error] [exception.CException] CException: Property "Location.lat" is not defined. in /Users/sem0026/Documents/WebServer/yii/framework/base/CComponent.php:130
Stack trace:
#0 /Users/sem0026/Documents/WebServer/yii/framework/db/ar/CActiveRecord.php(145): CComponent->__get('lat')
#1 /Users/sem0026/Documents/WebServer/yii/testdrive/protected/views/location/create.php(123): CActiveRecord->__get('lat')
#2 /Users/sem0026/Documents/WebServer/yii/framework/web/CBaseController.php(126): require('/Users/sem0026/...')
#3 /Users/sem0026/Documents/WebServer/yii/framework/web/CBaseController.php(95): CBaseController->renderInternal('/Users/sem0026/...', Array, true)
#4 /Users/sem0026/Documents/WebServer/yii/framework/web/CController.php(872): CBaseController->renderFile('/Users/sem0026/...', Array, true)
#5 /Users/sem0026/Documents/WebServer/yii/framework/web/CController.php(785): CController->renderPartial('create', Array, true)
#6 /Users/sem0026/Documents/WebServer/yii/testdrive/protected/controllers/LocationController.php(82): CController->render('create', Array)
#7 /Users/sem0026/Documents/WebServer/yii/framework/web/actions/CInlineAction.php(49): LocationController->actionCreate()
#8 /Users/sem0026/Documents/WebServer/yii/framework/web/CController.php(308): CInlineAction->runWithParams(Array)
#9 /Users/sem0026/Documents/WebServer/yii/framework/web/CController.php(286): CController->runAction(Object(CInlineAction))
#10 /Users/sem0026/Documents/WebServer/yii/framework/web/CController.php(265): CController->runActionWithFilters(Object(CInlineAction), Array)
#11 /Users/sem0026/Documents/WebServer/yii/framework/web/CWebApplication.php(282): CController->run('create')
#12 /Users/sem0026/Documents/WebServer/yii/framework/web/CWebApplication.php(141): CWebApplication->runController('location/create')
#13 /Users/sem0026/Documents/WebServer/yii/framework/base/CApplication.php(185): CWebApplication->processRequest()
#14 /Users/sem0026/Documents/WebServer/yii/testdrive/index.php(13): CApplication->run()
#15 {main}
REQUEST_URI=/?r=location/create
HTTP_REFERER=http://test.localhost/index.php?r=location/index
---
2020/01/22 09:21:56 [error] [exception.CException] CException: Property "Location.lat" is not defined. in /Users/sem0026/Documents/WebServer/yii/framework/base/CComponent.php:130
Stack trace:
#0 /Users/sem0026/Documents/WebServer/yii/framework/db/ar/CActiveRecord.php(145): CComponent->__get('lat')
#1 /Users/sem0026/Documents/WebServer/yii/testdrive/protected/views/location/create.php(123): CActiveRecord->__get('lat')
#2 /Users/sem0026/Documents/WebServer/yii/framework/web/CBaseController.php(126): require('/Users/sem0026/...')
#3 /Users/sem0026/Documents/WebServer/yii/framework/web/CBaseController.php(95): CBaseController->renderInternal('/Users/sem0026/...', Array, true)
#4 /Users/sem0026/Documents/WebServer/yii/framework/web/CController.php(872): CBaseController->renderFile('/Users/sem0026/...', Array, true)
#5 /Users/sem0026/Documents/WebServer/yii/framework/web/CController.php(785): CController->renderPartial('create', Array, true)
#6 /Users/sem0026/Documents/WebServer/yii/testdrive/protected/controllers/LocationController.php(82): CController->render('create', Array)
#7 /Users/sem0026/Documents/WebServer/yii/framework/web/actions/CInlineAction.php(49): LocationController->actionCreate()
#8 /Users/sem0026/Documents/WebServer/yii/framework/web/CController.php(308): CInlineAction->runWithParams(Array)
#9 /Users/sem0026/Documents/WebServer/yii/framework/web/CController.php(286): CController->runAction(Object(CInlineAction))
#10 /Users/sem0026/Documents/WebServer/yii/framework/web/CController.php(265): CController->runActionWithFilters(Object(CInlineAction), Array)
#11 /Users/sem0026/Documents/WebServer/yii/framework/web/CWebApplication.php(282): CController->run('create')
#12 /Users/sem0026/Documents/WebServer/yii/framework/web/CWebApplication.php(141): CWebApplication->runController('location/create')
#13 /Users/sem0026/Documents/WebServer/yii/framework/base/CApplication.php(185): CWebApplication->processRequest()
#14 /Users/sem0026/Documents/WebServer/yii/testdrive/index.php(13): CApplication->run()
#15 {main}
REQUEST_URI=/?r=location/create
HTTP_REFERER=http://test.localhost/index.php?r=location/index
---
2020/01/22 09:21:57 [error] [exception.CException] CException: Property "Location.lat" is not defined. in /Users/sem0026/Documents/WebServer/yii/framework/base/CComponent.php:130
Stack trace:
#0 /Users/sem0026/Documents/WebServer/yii/framework/db/ar/CActiveRecord.php(145): CComponent->__get('lat')
#1 /Users/sem0026/Documents/WebServer/yii/testdrive/protected/views/location/create.php(123): CActiveRecord->__get('lat')
#2 /Users/sem0026/Documents/WebServer/yii/framework/web/CBaseController.php(126): require('/Users/sem0026/...')
#3 /Users/sem0026/Documents/WebServer/yii/framework/web/CBaseController.php(95): CBaseController->renderInternal('/Users/sem0026/...', Array, true)
#4 /Users/sem0026/Documents/WebServer/yii/framework/web/CController.php(872): CBaseController->renderFile('/Users/sem0026/...', Array, true)
#5 /Users/sem0026/Documents/WebServer/yii/framework/web/CController.php(785): CController->renderPartial('create', Array, true)
#6 /Users/sem0026/Documents/WebServer/yii/testdrive/protected/controllers/LocationController.php(82): CController->render('create', Array)
#7 /Users/sem0026/Documents/WebServer/yii/framework/web/actions/CInlineAction.php(49): LocationController->actionCreate()
#8 /Users/sem0026/Documents/WebServer/yii/framework/web/CController.php(308): CInlineAction->runWithParams(Array)
#9 /Users/sem0026/Documents/WebServer/yii/framework/web/CController.php(286): CController->runAction(Object(CInlineAction))
#10 /Users/sem0026/Documents/WebServer/yii/framework/web/CController.php(265): CController->runActionWithFilters(Object(CInlineAction), Array)
#11 /Users/sem0026/Documents/WebServer/yii/framework/web/CWebApplication.php(282): CController->run('create')
#12 /Users/sem0026/Documents/WebServer/yii/framework/web/CWebApplication.php(141): CWebApplication->runController('location/create')
#13 /Users/sem0026/Documents/WebServer/yii/framework/base/CApplication.php(185): CWebApplication->processRequest()
#14 /Users/sem0026/Documents/WebServer/yii/testdrive/index.php(13): CApplication->run()
#15 {main}
REQUEST_URI=/?r=location/create
HTTP_REFERER=http://test.localhost/index.php?r=location/index
---
2020/01/22 09:21:57 [error] [exception.CException] CException: Property "Location.lat" is not defined. in /Users/sem0026/Documents/WebServer/yii/framework/base/CComponent.php:130
Stack trace:
#0 /Users/sem0026/Documents/WebServer/yii/framework/db/ar/CActiveRecord.php(145): CComponent->__get('lat')
#1 /Users/sem0026/Documents/WebServer/yii/testdrive/protected/views/location/create.php(123): CActiveRecord->__get('lat')
#2 /Users/sem0026/Documents/WebServer/yii/framework/web/CBaseController.php(126): require('/Users/sem0026/...')
#3 /Users/sem0026/Documents/WebServer/yii/framework/web/CBaseController.php(95): CBaseController->renderInternal('/Users/sem0026/...', Array, true)
#4 /Users/sem0026/Documents/WebServer/yii/framework/web/CController.php(872): CBaseController->renderFile('/Users/sem0026/...', Array, true)
#5 /Users/sem0026/Documents/WebServer/yii/framework/web/CController.php(785): CController->renderPartial('create', Array, true)
#6 /Users/sem0026/Documents/WebServer/yii/testdrive/protected/controllers/LocationController.php(82): CController->render('create', Array)
#7 /Users/sem0026/Documents/WebServer/yii/framework/web/actions/CInlineAction.php(49): LocationController->actionCreate()
#8 /Users/sem0026/Documents/WebServer/yii/framework/web/CController.php(308): CInlineAction->runWithParams(Array)
#9 /Users/sem0026/Documents/WebServer/yii/framework/web/CController.php(286): CController->runAction(Object(CInlineAction))
#10 /Users/sem0026/Documents/WebServer/yii/framework/web/CController.php(265): CController->runActionWithFilters(Object(CInlineAction), Array)
#11 /Users/sem0026/Documents/WebServer/yii/framework/web/CWebApplication.php(282): CController->run('create')
#12 /Users/sem0026/Documents/WebServer/yii/framework/web/CWebApplication.php(141): CWebApplication->runController('location/create')
#13 /Users/sem0026/Documents/WebServer/yii/framework/base/CApplication.php(185): CWebApplication->processRequest()
#14 /Users/sem0026/Documents/WebServer/yii/testdrive/index.php(13): CApplication->run()
#15 {main}
REQUEST_URI=/?r=location/create
HTTP_REFERER=http://test.localhost/index.php?r=location/index
---
2020/01/22 09:42:17 [warning] [application] Failed to set unsafe attribute "lat" of "Location".
in /Users/sem0026/Documents/WebServer/yii/testdrive/protected/controllers/LocationController.php (64)
in /Users/sem0026/Documents/WebServer/yii/testdrive/index.php (13)
2020/01/22 09:42:17 [warning] [application] Failed to set unsafe attribute "lng" of "Location".
in /Users/sem0026/Documents/WebServer/yii/testdrive/protected/controllers/LocationController.php (64)
in /Users/sem0026/Documents/WebServer/yii/testdrive/index.php (13)
2020/01/22 09:42:17 [error] [exception.CException] CException: Property "Location.lat" is not defined. in /Users/sem0026/Documents/WebServer/yii/framework/base/CComponent.php:130
Stack trace:
#0 /Users/sem0026/Documents/WebServer/yii/framework/db/ar/CActiveRecord.php(145): CComponent->__get('lat')
#1 /Users/sem0026/Documents/WebServer/yii/testdrive/protected/views/location/create.php(124): CActiveRecord->__get('lat')
#2 /Users/sem0026/Documents/WebServer/yii/framework/web/CBaseController.php(126): require('/Users/sem0026/...')
#3 /Users/sem0026/Documents/WebServer/yii/framework/web/CBaseController.php(95): CBaseController->renderInternal('/Users/sem0026/...', Array, true)
#4 /Users/sem0026/Documents/WebServer/yii/framework/web/CController.php(872): CBaseController->renderFile('/Users/sem0026/...', Array, true)
#5 /Users/sem0026/Documents/WebServer/yii/framework/web/CController.php(785): CController->renderPartial('create', Array, true)
#6 /Users/sem0026/Documents/WebServer/yii/testdrive/protected/controllers/LocationController.php(82): CController->render('create', Array)
#7 /Users/sem0026/Documents/WebServer/yii/framework/web/actions/CInlineAction.php(49): LocationController->actionCreate()
#8 /Users/sem0026/Documents/WebServer/yii/framework/web/CController.php(308): CInlineAction->runWithParams(Array)
#9 /Users/sem0026/Documents/WebServer/yii/framework/web/CController.php(286): CController->runAction(Object(CInlineAction))
#10 /Users/sem0026/Documents/WebServer/yii/framework/web/CController.php(265): CController->runActionWithFilters(Object(CInlineAction), Array)
#11 /Users/sem0026/Documents/WebServer/yii/framework/web/CWebApplication.php(282): CController->run('create')
#12 /Users/sem0026/Documents/WebServer/yii/framework/web/CWebApplication.php(141): CWebApplication->runController('location/create')
#13 /Users/sem0026/Documents/WebServer/yii/framework/base/CApplication.php(185): CWebApplication->processRequest()
#14 /Users/sem0026/Documents/WebServer/yii/testdrive/index.php(13): CApplication->run()
#15 {main}
REQUEST_URI=/?r=location/create
HTTP_REFERER=http://test.localhost/?r=location/create
---
2020/01/22 09:43:35 [warning] [application] Failed to set unsafe attribute "lat" of "Location".
in /Users/sem0026/Documents/WebServer/yii/testdrive/protected/controllers/LocationController.php (64)
in /Users/sem0026/Documents/WebServer/yii/testdrive/index.php (13)
2020/01/22 09:43:35 [warning] [application] Failed to set unsafe attribute "lng" of "Location".
in /Users/sem0026/Documents/WebServer/yii/testdrive/protected/controllers/LocationController.php (64)
in /Users/sem0026/Documents/WebServer/yii/testdrive/index.php (13)
2020/01/22 09:43:35 [error] [exception.CException] CException: Property "Location.lat" is not defined. in /Users/sem0026/Documents/WebServer/yii/framework/base/CComponent.php:130
Stack trace:
#0 /Users/sem0026/Documents/WebServer/yii/framework/db/ar/CActiveRecord.php(145): CComponent->__get('lat')
#1 /Users/sem0026/Documents/WebServer/yii/testdrive/protected/views/location/create.php(135): CActiveRecord->__get('lat')
#2 /Users/sem0026/Documents/WebServer/yii/framework/web/CBaseController.php(126): require('/Users/sem0026/...')
#3 /Users/sem0026/Documents/WebServer/yii/framework/web/CBaseController.php(95): CBaseController->renderInternal('/Users/sem0026/...', Array, true)
#4 /Users/sem0026/Documents/WebServer/yii/framework/web/CController.php(872): CBaseController->renderFile('/Users/sem0026/...', Array, true)
#5 /Users/sem0026/Documents/WebServer/yii/framework/web/CController.php(785): CController->renderPartial('create', Array, true)
#6 /Users/sem0026/Documents/WebServer/yii/testdrive/protected/controllers/LocationController.php(82): CController->render('create', Array)
#7 /Users/sem0026/Documents/WebServer/yii/framework/web/actions/CInlineAction.php(49): LocationController->actionCreate()
#8 /Users/sem0026/Documents/WebServer/yii/framework/web/CController.php(308): CInlineAction->runWithParams(Array)
#9 /Users/sem0026/Documents/WebServer/yii/framework/web/CController.php(286): CController->runAction(Object(CInlineAction))
#10 /Users/sem0026/Documents/WebServer/yii/framework/web/CController.php(265): CController->runActionWithFilters(Object(CInlineAction), Array)
#11 /Users/sem0026/Documents/WebServer/yii/framework/web/CWebApplication.php(282): CController->run('create')
#12 /Users/sem0026/Documents/WebServer/yii/framework/web/CWebApplication.php(141): CWebApplication->runController('location/create')
#13 /Users/sem0026/Documents/WebServer/yii/framework/base/CApplication.php(185): CWebApplication->processRequest()
#14 /Users/sem0026/Documents/WebServer/yii/testdrive/index.php(13): CApplication->run()
#15 {main}
REQUEST_URI=/?r=location/create
HTTP_REFERER=http://test.localhost/?r=location/create
---
2020/01/22 09:43:48 [warning] [application] Failed to set unsafe attribute "lat" of "Location".
in /Users/sem0026/Documents/WebServer/yii/testdrive/protected/controllers/LocationController.php (64)
in /Users/sem0026/Documents/WebServer/yii/testdrive/index.php (13)
2020/01/22 09:43:48 [warning] [application] Failed to set unsafe attribute "lng" of "Location".
in /Users/sem0026/Documents/WebServer/yii/testdrive/protected/controllers/LocationController.php (64)
in /Users/sem0026/Documents/WebServer/yii/testdrive/index.php (13)
2020/01/22 09:44:14 [warning] [application] Failed to set unsafe attribute "lat" of "Location".
in /Users/sem0026/Documents/WebServer/yii/testdrive/protected/controllers/LocationController.php (64)
in /Users/sem0026/Documents/WebServer/yii/testdrive/index.php (13)
2020/01/22 09:44:14 [warning] [application] Failed to set unsafe attribute "lng" of "Location".
in /Users/sem0026/Documents/WebServer/yii/testdrive/protected/controllers/LocationController.php (64)
in /Users/sem0026/Documents/WebServer/yii/testdrive/index.php (13)
2020/01/22 09:44:32 [warning] [application] Failed to set unsafe attribute "lat" of "Location".
in /Users/sem0026/Documents/WebServer/yii/testdrive/protected/controllers/LocationController.php (64)
in /Users/sem0026/Documents/WebServer/yii/testdrive/index.php (13)
2020/01/22 09:44:32 [warning] [application] Failed to set unsafe attribute "lng" of "Location".
in /Users/sem0026/Documents/WebServer/yii/testdrive/protected/controllers/LocationController.php (64)
in /Users/sem0026/Documents/WebServer/yii/testdrive/index.php (13)
2020/01/22 10:45:43 [warning] [application] Failed to set unsafe attribute "lat" of "Location".
in /Users/sem0026/Documents/WebServer/yii/testdrive/protected/controllers/LocationController.php (64)
in /Users/sem0026/Documents/WebServer/yii/testdrive/index.php (13)
2020/01/22 10:45:43 [warning] [application] Failed to set unsafe attribute "lng" of "Location".
in /Users/sem0026/Documents/WebServer/yii/testdrive/protected/controllers/LocationController.php (64)
in /Users/sem0026/Documents/WebServer/yii/testdrive/index.php (13)
2020/01/22 10:45:43 [error] [system.db.CDbCommand] CDbCommand::execute() failed: SQLSTATE[42S02]: Base table or view not found: 1146 Table 'yii.location' doesn't exist. The SQL statement executed was: INSERT INTO `location` (`user_id`, `name`, `city`, `district`) VALUES (:user_id, :name, :city, :district).
in /Users/sem0026/Documents/WebServer/yii/testdrive/protected/controllers/LocationController.php (72)
in /Users/sem0026/Documents/WebServer/yii/testdrive/index.php (13)
2020/01/22 10:45:43 [error] [exception.CDbException] CDbException: CDbCommand failed to execute the SQL statement: SQLSTATE[42S02]: Base table or view not found: 1146 Table 'yii.location' doesn't exist. The SQL statement executed was: INSERT INTO `location` (`user_id`, `name`, `city`, `district`) VALUES (:user_id, :name, :city, :district) in /Users/sem0026/Documents/WebServer/yii/framework/db/CDbCommand.php:358
Stack trace:
#0 /Users/sem0026/Documents/WebServer/yii/framework/db/CDbCommand.php(1278): CDbCommand->execute(Array)
#1 /Users/sem0026/Documents/WebServer/yii/testdrive/protected/controllers/LocationController.php(72): CDbCommand->insert('location', Array)
#2 /Users/sem0026/Documents/WebServer/yii/framework/web/actions/CInlineAction.php(49): LocationController->actionCreate()
#3 /Users/sem0026/Documents/WebServer/yii/framework/web/CController.php(308): CInlineAction->runWithParams(Array)
#4 /Users/sem0026/Documents/WebServer/yii/framework/web/CController.php(286): CController->runAction(Object(CInlineAction))
#5 /Users/sem0026/Documents/WebServer/yii/framework/web/CController.php(265): CController->runActionWithFilters(Object(CInlineAction), Array)
#6 /Users/sem0026/Documents/WebServer/yii/framework/web/CWebApplication.php(282): CController->run('create')
#7 /Users/sem0026/Documents/WebServer/yii/framework/web/CWebApplication.php(141): CWebApplication->runController('location/create')
#8 /Users/sem0026/Documents/WebServer/yii/framework/base/CApplication.php(185): CWebApplication->processRequest()
#9 /Users/sem0026/Documents/WebServer/yii/testdrive/index.php(13): CApplication->run()
#10 {main}
REQUEST_URI=/?r=location/create
HTTP_REFERER=http://test.localhost/?r=location/create
---
2020/01/22 11:03:26 [warning] [application] Failed to set unsafe attribute "lat" of "Location".
in /Users/sem0026/Documents/WebServer/yii/testdrive/protected/controllers/LocationController.php (64)
in /Users/sem0026/Documents/WebServer/yii/testdrive/index.php (13)
2020/01/22 11:03:26 [warning] [application] Failed to set unsafe attribute "lng" of "Location".
in /Users/sem0026/Documents/WebServer/yii/testdrive/protected/controllers/LocationController.php (64)
in /Users/sem0026/Documents/WebServer/yii/testdrive/index.php (13)
2020/01/22 11:03:26 [error] [system.db.CDbCommand] CDbCommand::execute() failed: SQLSTATE[23000]: Integrity constraint violation: 1048 Column 'name' cannot be null. The SQL statement executed was: INSERT INTO `locations` (`user_id`, `name`, `city`, `district`) VALUES (:user_id, :name, :city, :district).
in /Users/sem0026/Documents/WebServer/yii/testdrive/protected/controllers/LocationController.php (72)
in /Users/sem0026/Documents/WebServer/yii/testdrive/index.php (13)
2020/01/22 11:03:26 [error] [exception.CDbException] CDbException: CDbCommand failed to execute the SQL statement: SQLSTATE[23000]: Integrity constraint violation: 1048 Column 'name' cannot be null. The SQL statement executed was: INSERT INTO `locations` (`user_id`, `name`, `city`, `district`) VALUES (:user_id, :name, :city, :district) in /Users/sem0026/Documents/WebServer/yii/framework/db/CDbCommand.php:358
Stack trace:
#0 /Users/sem0026/Documents/WebServer/yii/framework/db/CDbCommand.php(1278): CDbCommand->execute(Array)
#1 /Users/sem0026/Documents/WebServer/yii/testdrive/protected/controllers/LocationController.php(72): CDbCommand->insert('locations', Array)
#2 /Users/sem0026/Documents/WebServer/yii/framework/web/actions/CInlineAction.php(49): LocationController->actionCreate()
#3 /Users/sem0026/Documents/WebServer/yii/framework/web/CController.php(308): CInlineAction->runWithParams(Array)
#4 /Users/sem0026/Documents/WebServer/yii/framework/web/CController.php(286): CController->runAction(Object(CInlineAction))
#5 /Users/sem0026/Documents/WebServer/yii/framework/web/CController.php(265): CController->runActionWithFilters(Object(CInlineAction), Array)
#6 /Users/sem0026/Documents/WebServer/yii/framework/web/CWebApplication.php(282): CController->run('create')
#7 /Users/sem0026/Documents/WebServer/yii/framework/web/CWebApplication.php(141): CWebApplication->runController('location/create')
#8 /Users/sem0026/Documents/WebServer/yii/framework/base/CApplication.php(185): CWebApplication->processRequest()
#9 /Users/sem0026/Documents/WebServer/yii/testdrive/index.php(13): CApplication->run()
#10 {main}
REQUEST_URI=/?r=location/create
HTTP_REFERER=http://test.localhost/?r=location/create
---
2020/01/23 06:10:43 [warning] [application] Failed to set unsafe attribute "lat" of "Location".
in /Users/sem0026/Documents/WebServer/yii/testdrive/protected/controllers/LocationController.php (64)
in /Users/sem0026/Documents/WebServer/yii/testdrive/index.php (13)
2020/01/23 06:10:43 [warning] [application] Failed to set unsafe attribute "lng" of "Location".
in /Users/sem0026/Documents/WebServer/yii/testdrive/protected/controllers/LocationController.php (64)
in /Users/sem0026/Documents/WebServer/yii/testdrive/index.php (13)
2020/01/23 06:10:43 [error] [system.db.CDbCommand] CDbCommand::execute() failed: SQLSTATE[23000]: Integrity constraint violation: 1048 Column 'name' cannot be null. The SQL statement executed was: INSERT INTO `locations` (`user_id`, `name`, `city`, `district`) VALUES (:user_id, :name, :city, :district).
in /Users/sem0026/Documents/WebServer/yii/testdrive/protected/controllers/LocationController.php (72)
in /Users/sem0026/Documents/WebServer/yii/testdrive/index.php (13)
2020/01/23 06:10:43 [error] [exception.CDbException] CDbException: CDbCommand failed to execute the SQL statement: SQLSTATE[23000]: Integrity constraint violation: 1048 Column 'name' cannot be null. The SQL statement executed was: INSERT INTO `locations` (`user_id`, `name`, `city`, `district`) VALUES (:user_id, :name, :city, :district) in /Users/sem0026/Documents/WebServer/yii/framework/db/CDbCommand.php:358
Stack trace:
#0 /Users/sem0026/Documents/WebServer/yii/framework/db/CDbCommand.php(1278): CDbCommand->execute(Array)
#1 /Users/sem0026/Documents/WebServer/yii/testdrive/protected/controllers/LocationController.php(72): CDbCommand->insert('locations', Array)
#2 /Users/sem0026/Documents/WebServer/yii/framework/web/actions/CInlineAction.php(49): LocationController->actionCreate()
#3 /Users/sem0026/Documents/WebServer/yii/framework/web/CController.php(308): CInlineAction->runWithParams(Array)
#4 /Users/sem0026/Documents/WebServer/yii/framework/web/CController.php(286): CController->runAction(Object(CInlineAction))
#5 /Users/sem0026/Documents/WebServer/yii/framework/web/CController.php(265): CController->runActionWithFilters(Object(CInlineAction), Array)
#6 /Users/sem0026/Documents/WebServer/yii/framework/web/CWebApplication.php(282): CController->run('create')
#7 /Users/sem0026/Documents/WebServer/yii/framework/web/CWebApplication.php(141): CWebApplication->runController('location/create')
#8 /Users/sem0026/Documents/WebServer/yii/framework/base/CApplication.php(185): CWebApplication->processRequest()
#9 /Users/sem0026/Documents/WebServer/yii/testdrive/index.php(13): CApplication->run()
#10 {main}
REQUEST_URI=/?r=location/create
HTTP_REFERER=http://test.localhost/?r=location/create
---
2020/01/23 06:11:38 [warning] [application] Failed to set unsafe attribute "lat" of "Location".
in /Users/sem0026/Documents/WebServer/yii/testdrive/protected/controllers/LocationController.php (64)
in /Users/sem0026/Documents/WebServer/yii/testdrive/index.php (13)
2020/01/23 06:11:38 [warning] [application] Failed to set unsafe attribute "lng" of "Location".
in /Users/sem0026/Documents/WebServer/yii/testdrive/protected/controllers/LocationController.php (64)
in /Users/sem0026/Documents/WebServer/yii/testdrive/index.php (13)
2020/01/23 06:11:38 [error] [system.db.CDbCommand] CDbCommand::execute() failed: SQLSTATE[23000]: Integrity constraint violation: 1048 Column 'name' cannot be null. The SQL statement executed was: INSERT INTO `locations` (`user_id`, `name`, `city`, `district`) VALUES (:user_id, :name, :city, :district).
in /Users/sem0026/Documents/WebServer/yii/testdrive/protected/controllers/LocationController.php (72)
in /Users/sem0026/Documents/WebServer/yii/testdrive/index.php (13)
2020/01/23 06:11:38 [error] [exception.CDbException] CDbException: CDbCommand failed to execute the SQL statement: SQLSTATE[23000]: Integrity constraint violation: 1048 Column 'name' cannot be null. The SQL statement executed was: INSERT INTO `locations` (`user_id`, `name`, `city`, `district`) VALUES (:user_id, :name, :city, :district) in /Users/sem0026/Documents/WebServer/yii/framework/db/CDbCommand.php:358
Stack trace:
#0 /Users/sem0026/Documents/WebServer/yii/framework/db/CDbCommand.php(1278): CDbCommand->execute(Array)
#1 /Users/sem0026/Documents/WebServer/yii/testdrive/protected/controllers/LocationController.php(72): CDbCommand->insert('locations', Array)
#2 /Users/sem0026/Documents/WebServer/yii/framework/web/actions/CInlineAction.php(49): LocationController->actionCreate()
#3 /Users/sem0026/Documents/WebServer/yii/framework/web/CController.php(308): CInlineAction->runWithParams(Array)
#4 /Users/sem0026/Documents/WebServer/yii/framework/web/CController.php(286): CController->runAction(Object(CInlineAction))
#5 /Users/sem0026/Documents/WebServer/yii/framework/web/CController.php(265): CController->runActionWithFilters(Object(CInlineAction), Array)
#6 /Users/sem0026/Documents/WebServer/yii/framework/web/CWebApplication.php(282): CController->run('create')
#7 /Users/sem0026/Documents/WebServer/yii/framework/web/CWebApplication.php(141): CWebApplication->runController('location/create')
#8 /Users/sem0026/Documents/WebServer/yii/framework/base/CApplication.php(185): CWebApplication->processRequest()
#9 /Users/sem0026/Documents/WebServer/yii/testdrive/index.php(13): CApplication->run()
#10 {main}
REQUEST_URI=/?r=location/create
HTTP_REFERER=http://test.localhost/?r=location/create
---
2020/01/23 06:12:12 [warning] [application] Failed to set unsafe attribute "lat" of "Location".
in /Users/sem0026/Documents/WebServer/yii/testdrive/protected/controllers/LocationController.php (64)
in /Users/sem0026/Documents/WebServer/yii/testdrive/index.php (13)
2020/01/23 06:12:12 [warning] [application] Failed to set unsafe attribute "lng" of "Location".
in /Users/sem0026/Documents/WebServer/yii/testdrive/protected/controllers/LocationController.php (64)
in /Users/sem0026/Documents/WebServer/yii/testdrive/index.php (13)
2020/01/23 06:12:12 [error] [system.db.CDbCommand] CDbCommand::execute() failed: SQLSTATE[23000]: Integrity constraint violation: 1048 Column 'name' cannot be null. The SQL statement executed was: INSERT INTO `locations` (`user_id`, `name`, `city`, `district`) VALUES (:user_id, :name, :city, :district).
in /Users/sem0026/Documents/WebServer/yii/testdrive/protected/controllers/LocationController.php (74)
in /Users/sem0026/Documents/WebServer/yii/testdrive/index.php (13)
2020/01/23 06:12:12 [error] [exception.CDbException] CDbException: CDbCommand failed to execute the SQL statement: SQLSTATE[23000]: Integrity constraint violation: 1048 Column 'name' cannot be null. The SQL statement executed was: INSERT INTO `locations` (`user_id`, `name`, `city`, `district`) VALUES (:user_id, :name, :city, :district) in /Users/sem0026/Documents/WebServer/yii/framework/db/CDbCommand.php:358
Stack trace:
#0 /Users/sem0026/Documents/WebServer/yii/framework/db/CDbCommand.php(1278): CDbCommand->execute(Array)
#1 /Users/sem0026/Documents/WebServer/yii/testdrive/protected/controllers/LocationController.php(74): CDbCommand->insert('locations', Array)
#2 /Users/sem0026/Documents/WebServer/yii/framework/web/actions/CInlineAction.php(49): LocationController->actionCreate()
#3 /Users/sem0026/Documents/WebServer/yii/framework/web/CController.php(308): CInlineAction->runWithParams(Array)
#4 /Users/sem0026/Documents/WebServer/yii/framework/web/CController.php(286): CController->runAction(Object(CInlineAction))
#5 /Users/sem0026/Documents/WebServer/yii/framework/web/CController.php(265): CController->runActionWithFilters(Object(CInlineAction), Array)
#6 /Users/sem0026/Documents/WebServer/yii/framework/web/CWebApplication.php(282): CController->run('create')
#7 /Users/sem0026/Documents/WebServer/yii/framework/web/CWebApplication.php(141): CWebApplication->runController('location/create')
#8 /Users/sem0026/Documents/WebServer/yii/framework/base/CApplication.php(185): CWebApplication->processRequest()
#9 /Users/sem0026/Documents/WebServer/yii/testdrive/index.php(13): CApplication->run()
#10 {main}
REQUEST_URI=/?r=location/create
HTTP_REFERER=http://test.localhost/?r=location/create
---
2020/01/23 06:14:04 [warning] [application] Failed to set unsafe attribute "lat" of "Location".
in /Users/sem0026/Documents/WebServer/yii/testdrive/protected/controllers/LocationController.php (64)
in /Users/sem0026/Documents/WebServer/yii/testdrive/index.php (13)
2020/01/23 06:14:04 [warning] [application] Failed to set unsafe attribute "lng" of "Location".
in /Users/sem0026/Documents/WebServer/yii/testdrive/protected/controllers/LocationController.php (64)
in /Users/sem0026/Documents/WebServer/yii/testdrive/index.php (13)
2020/01/23 06:14:04 [error] [system.db.CDbCommand] CDbCommand::execute() failed: SQLSTATE[HY000]: General error: 1364 Field 'user_id' doesn't have a default value. The SQL statement executed was: INSERT INTO `locations` (`name`, `city`, `district`) VALUES (:yp0, :yp1, :yp2).
in /Users/sem0026/Documents/WebServer/yii/testdrive/protected/controllers/LocationController.php (69)
in /Users/sem0026/Documents/WebServer/yii/testdrive/index.php (13)
2020/01/23 06:14:04 [error] [exception.CDbException] CDbException: CDbCommand failed to execute the SQL statement: SQLSTATE[HY000]: General error: 1364 Field 'user_id' doesn't have a default value. The SQL statement executed was: INSERT INTO `locations` (`name`, `city`, `district`) VALUES (:yp0, :yp1, :yp2) in /Users/sem0026/Documents/WebServer/yii/framework/db/CDbCommand.php:358
Stack trace:
#0 /Users/sem0026/Documents/WebServer/yii/framework/db/ar/CActiveRecord.php(1083): CDbCommand->execute()
#1 /Users/sem0026/Documents/WebServer/yii/framework/db/ar/CActiveRecord.php(811): CActiveRecord->insert(NULL)
#2 /Users/sem0026/Documents/WebServer/yii/testdrive/protected/controllers/LocationController.php(69): CActiveRecord->save()
#3 /Users/sem0026/Documents/WebServer/yii/framework/web/actions/CInlineAction.php(49): LocationController->actionCreate()
#4 /Users/sem0026/Documents/WebServer/yii/framework/web/CController.php(308): CInlineAction->runWithParams(Array)
#5 /Users/sem0026/Documents/WebServer/yii/framework/web/CController.php(286): CController->runAction(Object(CInlineAction))
#6 /Users/sem0026/Documents/WebServer/yii/framework/web/CController.php(265): CController->runActionWithFilters(Object(CInlineAction), Array)
#7 /Users/sem0026/Documents/WebServer/yii/framework/web/CWebApplication.php(282): CController->run('create')
#8 /Users/sem0026/Documents/WebServer/yii/framework/web/CWebApplication.php(141): CWebApplication->runController('location/create')
#9 /Users/sem0026/Documents/WebServer/yii/framework/base/CApplication.php(185): CWebApplication->processRequest()
#10 /Users/sem0026/Documents/WebServer/yii/testdrive/index.php(13): CApplication->run()
#11 {main}
REQUEST_URI=/?r=location/create
HTTP_REFERER=http://test.localhost/?r=location/create
---
2020/01/23 06:14:57 [warning] [application] Failed to set unsafe attribute "lat" of "Location".
in /Users/sem0026/Documents/WebServer/yii/testdrive/protected/controllers/LocationController.php (64)
in /Users/sem0026/Documents/WebServer/yii/testdrive/index.php (13)
2020/01/23 06:14:57 [warning] [application] Failed to set unsafe attribute "lng" of "Location".
in /Users/sem0026/Documents/WebServer/yii/testdrive/protected/controllers/LocationController.php (64)
in /Users/sem0026/Documents/WebServer/yii/testdrive/index.php (13)
2020/01/23 06:14:57 [error] [system.db.CDbCommand] CDbCommand::execute() failed: SQLSTATE[HY000]: General error: 1364 Field 'user_id' doesn't have a default value. The SQL statement executed was: INSERT INTO `locations` (`name`, `city`, `district`) VALUES (:yp0, :yp1, :yp2).
in /Users/sem0026/Documents/WebServer/yii/testdrive/protected/controllers/LocationController.php (70)
in /Users/sem0026/Documents/WebServer/yii/testdrive/index.php (13)
2020/01/23 06:14:57 [error] [exception.CDbException] CDbException: CDbCommand failed to execute the SQL statement: SQLSTATE[HY000]: General error: 1364 Field 'user_id' doesn't have a default value. The SQL statement executed was: INSERT INTO `locations` (`name`, `city`, `district`) VALUES (:yp0, :yp1, :yp2) in /Users/sem0026/Documents/WebServer/yii/framework/db/CDbCommand.php:358
Stack trace:
#0 /Users/sem0026/Documents/WebServer/yii/framework/db/ar/CActiveRecord.php(1083): CDbCommand->execute()
#1 /Users/sem0026/Documents/WebServer/yii/framework/db/ar/CActiveRecord.php(811): CActiveRecord->insert(NULL)
#2 /Users/sem0026/Documents/WebServer/yii/testdrive/protected/controllers/LocationController.php(70): CActiveRecord->save()
#3 /Users/sem0026/Documents/WebServer/yii/framework/web/actions/CInlineAction.php(49): LocationController->actionCreate()
#4 /Users/sem0026/Documents/WebServer/yii/framework/web/CController.php(308): CInlineAction->runWithParams(Array)
#5 /Users/sem0026/Documents/WebServer/yii/framework/web/CController.php(286): CController->runAction(Object(CInlineAction))
#6 /Users/sem0026/Documents/WebServer/yii/framework/web/CController.php(265): CController->runActionWithFilters(Object(CInlineAction), Array)
#7 /Users/sem0026/Documents/WebServer/yii/framework/web/CWebApplication.php(282): CController->run('create')
#8 /Users/sem0026/Documents/WebServer/yii/framework/web/CWebApplication.php(141): CWebApplication->runController('location/create')
#9 /Users/sem0026/Documents/WebServer/yii/framework/base/CApplication.php(185): CWebApplication->processRequest()
#10 /Users/sem0026/Documents/WebServer/yii/testdrive/index.php(13): CApplication->run()
#11 {main}
REQUEST_URI=/?r=location/create
HTTP_REFERER=http://test.localhost/?r=location/create
---
2020/01/23 06:15:05 [warning] [application] Failed to set unsafe attribute "lat" of "Location".
in /Users/sem0026/Documents/WebServer/yii/testdrive/protected/controllers/LocationController.php (64)
in /Users/sem0026/Documents/WebServer/yii/testdrive/index.php (13)
2020/01/23 06:15:05 [warning] [application] Failed to set unsafe attribute "lng" of "Location".
in /Users/sem0026/Documents/WebServer/yii/testdrive/protected/controllers/LocationController.php (64)
in /Users/sem0026/Documents/WebServer/yii/testdrive/index.php (13)
2020/01/23 06:15:05 [error] [system.db.CDbCommand] CDbCommand::execute() failed: SQLSTATE[HY000]: General error: 1364 Field 'user_id' doesn't have a default value. The SQL statement executed was: INSERT INTO `locations` (`name`, `city`, `district`) VALUES (:yp0, :yp1, :yp2).
in /Users/sem0026/Documents/WebServer/yii/testdrive/protected/controllers/LocationController.php (70)
in /Users/sem0026/Documents/WebServer/yii/testdrive/index.php (13)
2020/01/23 06:15:05 [error] [exception.CDbException] CDbException: CDbCommand failed to execute the SQL statement: SQLSTATE[HY000]: General error: 1364 Field 'user_id' doesn't have a default value. The SQL statement executed was: INSERT INTO `locations` (`name`, `city`, `district`) VALUES (:yp0, :yp1, :yp2) in /Users/sem0026/Documents/WebServer/yii/framework/db/CDbCommand.php:358
Stack trace:
#0 /Users/sem0026/Documents/WebServer/yii/framework/db/ar/CActiveRecord.php(1083): CDbCommand->execute()
#1 /Users/sem0026/Documents/WebServer/yii/framework/db/ar/CActiveRecord.php(811): CActiveRecord->insert(NULL)
#2 /Users/sem0026/Documents/WebServer/yii/testdrive/protected/controllers/LocationController.php(70): CActiveRecord->save()
#3 /Users/sem0026/Documents/WebServer/yii/framework/web/actions/CInlineAction.php(49): LocationController->actionCreate()
#4 /Users/sem0026/Documents/WebServer/yii/framework/web/CController.php(308): CInlineAction->runWithParams(Array)
#5 /Users/sem0026/Documents/WebServer/yii/framework/web/CController.php(286): CController->runAction(Object(CInlineAction))
#6 /Users/sem0026/Documents/WebServer/yii/framework/web/CController.php(265): CController->runActionWithFilters(Object(CInlineAction), Array)
#7 /Users/sem0026/Documents/WebServer/yii/framework/web/CWebApplication.php(282): CController->run('create')
#8 /Users/sem0026/Documents/WebServer/yii/framework/web/CWebApplication.php(141): CWebApplication->runController('location/create')
#9 /Users/sem0026/Documents/WebServer/yii/framework/base/CApplication.php(185): CWebApplication->processRequest()
#10 /Users/sem0026/Documents/WebServer/yii/testdrive/index.php(13): CApplication->run()
#11 {main}
REQUEST_URI=/?r=location/create
HTTP_REFERER=http://test.localhost/?r=location/create
---
2020/01/23 06:15:21 [warning] [application] Failed to set unsafe attribute "lat" of "Location".
in /Users/sem0026/Documents/WebServer/yii/testdrive/protected/controllers/LocationController.php (64)
in /Users/sem0026/Documents/WebServer/yii/testdrive/index.php (13)
2020/01/23 06:15:21 [warning] [application] Failed to set unsafe attribute "lng" of "Location".
in /Users/sem0026/Documents/WebServer/yii/testdrive/protected/controllers/LocationController.php (64)
in /Users/sem0026/Documents/WebServer/yii/testdrive/index.php (13)
2020/01/23 06:15:21 [error] [system.db.CDbCommand] CDbCommand::execute() failed: SQLSTATE[HY000]: General error: 1364 Field 'user_id' doesn't have a default value. The SQL statement executed was: INSERT INTO `locations` (`name`, `city`, `district`) VALUES (:yp0, :yp1, :yp2).
in /Users/sem0026/Documents/WebServer/yii/testdrive/protected/controllers/LocationController.php (70)
in /Users/sem0026/Documents/WebServer/yii/testdrive/index.php (13)
2020/01/23 06:15:21 [error] [exception.CDbException] CDbException: CDbCommand failed to execute the SQL statement: SQLSTATE[HY000]: General error: 1364 Field 'user_id' doesn't have a default value. The SQL statement executed was: INSERT INTO `locations` (`name`, `city`, `district`) VALUES (:yp0, :yp1, :yp2) in /Users/sem0026/Documents/WebServer/yii/framework/db/CDbCommand.php:358
Stack trace:
#0 /Users/sem0026/Documents/WebServer/yii/framework/db/ar/CActiveRecord.php(1083): CDbCommand->execute()
#1 /Users/sem0026/Documents/WebServer/yii/framework/db/ar/CActiveRecord.php(811): CActiveRecord->insert(NULL)
#2 /Users/sem0026/Documents/WebServer/yii/testdrive/protected/controllers/LocationController.php(70): CActiveRecord->save()
#3 /Users/sem0026/Documents/WebServer/yii/framework/web/actions/CInlineAction.php(49): LocationController->actionCreate()
#4 /Users/sem0026/Documents/WebServer/yii/framework/web/CController.php(308): CInlineAction->runWithParams(Array)
#5 /Users/sem0026/Documents/WebServer/yii/framework/web/CController.php(286): CController->runAction(Object(CInlineAction))
#6 /Users/sem0026/Documents/WebServer/yii/framework/web/CController.php(265): CController->runActionWithFilters(Object(CInlineAction), Array)
#7 /Users/sem0026/Documents/WebServer/yii/framework/web/CWebApplication.php(282): CController->run('create')
#8 /Users/sem0026/Documents/WebServer/yii/framework/web/CWebApplication.php(141): CWebApplication->runController('location/create')
#9 /Users/sem0026/Documents/WebServer/yii/framework/base/CApplication.php(185): CWebApplication->processRequest()
#10 /Users/sem0026/Documents/WebServer/yii/testdrive/index.php(13): CApplication->run()
#11 {main}
REQUEST_URI=/?r=location/create
HTTP_REFERER=http://test.localhost/?r=location/create
---
2020/01/23 06:16:19 [warning] [application] Failed to set unsafe attribute "lat" of "Location".
in /Users/sem0026/Documents/WebServer/yii/testdrive/protected/controllers/LocationController.php (64)
in /Users/sem0026/Documents/WebServer/yii/testdrive/index.php (13)
2020/01/23 06:16:19 [warning] [application] Failed to set unsafe attribute "lng" of "Location".
in /Users/sem0026/Documents/WebServer/yii/testdrive/protected/controllers/LocationController.php (64)
in /Users/sem0026/Documents/WebServer/yii/testdrive/index.php (13)
2020/01/23 06:19:27 [warning] [application] Failed to set unsafe attribute "lat" of "Location".
in /Users/sem0026/Documents/WebServer/yii/testdrive/protected/controllers/LocationController.php (64)
in /Users/sem0026/Documents/WebServer/yii/testdrive/index.php (13)
2020/01/23 06:19:27 [warning] [application] Failed to set unsafe attribute "lng" of "Location".
in /Users/sem0026/Documents/WebServer/yii/testdrive/protected/controllers/LocationController.php (64)
in /Users/sem0026/Documents/WebServer/yii/testdrive/index.php (13)
2020/01/23 06:20:18 [warning] [application] Failed to set unsafe attribute "lat" of "Location".
in /Users/sem0026/Documents/WebServer/yii/testdrive/protected/controllers/LocationController.php (64)
in /Users/sem0026/Documents/WebServer/yii/testdrive/index.php (13)
2020/01/23 06:20:18 [warning] [application] Failed to set unsafe attribute "lng" of "Location".
in /Users/sem0026/Documents/WebServer/yii/testdrive/protected/controllers/LocationController.php (64)
in /Users/sem0026/Documents/WebServer/yii/testdrive/index.php (13)
2020/01/23 06:21:39 [warning] [application] Failed to set unsafe attribute "lat" of "Location".
in /Users/sem0026/Documents/WebServer/yii/testdrive/protected/controllers/LocationController.php (64)
in /Users/sem0026/Documents/WebServer/yii/testdrive/index.php (13)
2020/01/23 06:21:39 [warning] [application] Failed to set unsafe attribute "lng" of "Location".
in /Users/sem0026/Documents/WebServer/yii/testdrive/protected/controllers/LocationController.php (64)
in /Users/sem0026/Documents/WebServer/yii/testdrive/index.php (13)
2020/01/23 06:23:38 [warning] [application] Failed to set unsafe attribute "lat" of "Location".
in /Users/sem0026/Documents/WebServer/yii/testdrive/protected/controllers/LocationController.php (64)
in /Users/sem0026/Documents/WebServer/yii/testdrive/index.php (13)
2020/01/23 06:23:38 [warning] [application] Failed to set unsafe attribute "lng" of "Location".
in /Users/sem0026/Documents/WebServer/yii/testdrive/protected/controllers/LocationController.php (64)
in /Users/sem0026/Documents/WebServer/yii/testdrive/index.php (13)
2020/01/23 09:34:47 [warning] [application] Failed to set unsafe attribute "lat" of "Location".
in /Users/sem0026/Documents/WebServer/yii/testdrive/protected/controllers/LocationController.php (64)
in /Users/sem0026/Documents/WebServer/yii/testdrive/index.php (13)
2020/01/23 09:34:47 [warning] [application] Failed to set unsafe attribute "lng" of "Location".
in /Users/sem0026/Documents/WebServer/yii/testdrive/protected/controllers/LocationController.php (64)
in /Users/sem0026/Documents/WebServer/yii/testdrive/index.php (13)
2020/01/23 09:35:01 [warning] [application] Failed to set unsafe attribute "lat" of "Location".
in /Users/sem0026/Documents/WebServer/yii/testdrive/protected/controllers/LocationController.php (64)
in /Users/sem0026/Documents/WebServer/yii/testdrive/index.php (13)
2020/01/23 09:35:01 [warning] [application] Failed to set unsafe attribute "lng" of "Location".
in /Users/sem0026/Documents/WebServer/yii/testdrive/protected/controllers/LocationController.php (64)
in /Users/sem0026/Documents/WebServer/yii/testdrive/index.php (13)
2020/01/23 09:35:36 [warning] [application] Failed to set unsafe attribute "lat" of "Location".
in /Users/sem0026/Documents/WebServer/yii/testdrive/protected/controllers/LocationController.php (64)
in /Users/sem0026/Documents/WebServer/yii/testdrive/index.php (13)
2020/01/23 09:35:36 [warning] [application] Failed to set unsafe attribute "lng" of "Location".
in /Users/sem0026/Documents/WebServer/yii/testdrive/protected/controllers/LocationController.php (64)
in /Users/sem0026/Documents/WebServer/yii/testdrive/index.php (13)
2020/01/23 09:35:56 [warning] [application] Failed to set unsafe attribute "lat" of "Location".
in /Users/sem0026/Documents/WebServer/yii/testdrive/protected/controllers/LocationController.php (64)
in /Users/sem0026/Documents/WebServer/yii/testdrive/index.php (13)
2020/01/23 09:35:56 [warning] [application] Failed to set unsafe attribute "lng" of "Location".
in /Users/sem0026/Documents/WebServer/yii/testdrive/protected/controllers/LocationController.php (64)
in /Users/sem0026/Documents/WebServer/yii/testdrive/index.php (13)
2020/01/23 09:39:36 [warning] [application] Failed to set unsafe attribute "lat" of "Location".
in /Users/sem0026/Documents/WebServer/yii/testdrive/protected/controllers/LocationController.php (64)
in /Users/sem0026/Documents/WebServer/yii/testdrive/index.php (13)
2020/01/23 09:39:36 [warning] [application] Failed to set unsafe attribute "lng" of "Location".
in /Users/sem0026/Documents/WebServer/yii/testdrive/protected/controllers/LocationController.php (64)
in /Users/sem0026/Documents/WebServer/yii/testdrive/index.php (13)
2020/01/23 09:40:52 [warning] [application] Failed to set unsafe attribute "lat" of "Location".
in /Users/sem0026/Documents/WebServer/yii/testdrive/protected/controllers/LocationController.php (64)
in /Users/sem0026/Documents/WebServer/yii/testdrive/index.php (13)
2020/01/23 09:40:52 [warning] [application] Failed to set unsafe attribute "lng" of "Location".
in /Users/sem0026/Documents/WebServer/yii/testdrive/protected/controllers/LocationController.php (64)
in /Users/sem0026/Documents/WebServer/yii/testdrive/index.php (13)
2020/01/23 09:41:13 [warning] [application] Failed to set unsafe attribute "lat" of "Location".
in /Users/sem0026/Documents/WebServer/yii/testdrive/protected/controllers/LocationController.php (64)
in /Users/sem0026/Documents/WebServer/yii/testdrive/index.php (13)
2020/01/23 09:41:13 [warning] [application] Failed to set unsafe attribute "lng" of "Location".
in /Users/sem0026/Documents/WebServer/yii/testdrive/protected/controllers/LocationController.php (64)
in /Users/sem0026/Documents/WebServer/yii/testdrive/index.php (13)
2020/01/23 09:41:14 [warning] [application] Failed to set unsafe attribute "lat" of "Location".
in /Users/sem0026/Documents/WebServer/yii/testdrive/protected/controllers/LocationController.php (64)
in /Users/sem0026/Documents/WebServer/yii/testdrive/index.php (13)
2020/01/23 09:41:14 [warning] [application] Failed to set unsafe attribute "lng" of "Location".
in /Users/sem0026/Documents/WebServer/yii/testdrive/protected/controllers/LocationController.php (64)
in /Users/sem0026/Documents/WebServer/yii/testdrive/index.php (13)
2020/01/23 09:41:14 [warning] [application] Failed to set unsafe attribute "lat" of "Location".
in /Users/sem0026/Documents/WebServer/yii/testdrive/protected/controllers/LocationController.php (64)
in /Users/sem0026/Documents/WebServer/yii/testdrive/index.php (13)
2020/01/23 09:41:14 [warning] [application] Failed to set unsafe attribute "lng" of "Location".
in /Users/sem0026/Documents/WebServer/yii/testdrive/protected/controllers/LocationController.php (64)
in /Users/sem0026/Documents/WebServer/yii/testdrive/index.php (13)
2020/01/23 09:41:14 [warning] [application] Failed to set unsafe attribute "lat" of "Location".
in /Users/sem0026/Documents/WebServer/yii/testdrive/protected/controllers/LocationController.php (64)
in /Users/sem0026/Documents/WebServer/yii/testdrive/index.php (13)
2020/01/23 09:41:14 [warning] [application] Failed to set unsafe attribute "lng" of "Location".
in /Users/sem0026/Documents/WebServer/yii/testdrive/protected/controllers/LocationController.php (64)
in /Users/sem0026/Documents/WebServer/yii/testdrive/index.php (13)
2020/01/23 09:41:21 [warning] [application] Failed to set unsafe attribute "lat" of "Location".
in /Users/sem0026/Documents/WebServer/yii/testdrive/protected/controllers/LocationController.php (64)
in /Users/sem0026/Documents/WebServer/yii/testdrive/index.php (13)
2020/01/23 09:41:21 [warning] [application] Failed to set unsafe attribute "lng" of "Location".
in /Users/sem0026/Documents/WebServer/yii/testdrive/protected/controllers/LocationController.php (64)
in /Users/sem0026/Documents/WebServer/yii/testdrive/index.php (13)
2020/01/23 09:43:08 [warning] [application] Failed to set unsafe attribute "lat" of "Location".
in /Users/sem0026/Documents/WebServer/yii/testdrive/protected/controllers/LocationController.php (64)
in /Users/sem0026/Documents/WebServer/yii/testdrive/index.php (13)
2020/01/23 09:43:08 [warning] [application] Failed to set unsafe attribute "lng" of "Location".
in /Users/sem0026/Documents/WebServer/yii/testdrive/protected/controllers/LocationController.php (64)
in /Users/sem0026/Documents/WebServer/yii/testdrive/index.php (13)
2020/01/23 09:43:38 [warning] [application] Failed to set unsafe attribute "lat" of "Location".
in /Users/sem0026/Documents/WebServer/yii/testdrive/protected/controllers/LocationController.php (64)
in /Users/sem0026/Documents/WebServer/yii/testdrive/index.php (13)
2020/01/23 09:43:38 [warning] [application] Failed to set unsafe attribute "lng" of "Location".
in /Users/sem0026/Documents/WebServer/yii/testdrive/protected/controllers/LocationController.php (64)
in /Users/sem0026/Documents/WebServer/yii/testdrive/index.php (13)
2020/01/23 09:44:39 [warning] [application] Failed to set unsafe attribute "lat" of "Location".
in /Users/sem0026/Documents/WebServer/yii/testdrive/protected/controllers/LocationController.php (64)
in /Users/sem0026/Documents/WebServer/yii/testdrive/index.php (13)
2020/01/23 09:44:39 [warning] [application] Failed to set unsafe attribute "lng" of "Location".
in /Users/sem0026/Documents/WebServer/yii/testdrive/protected/controllers/LocationController.php (64)
in /Users/sem0026/Documents/WebServer/yii/testdrive/index.php (13)
2020/01/23 09:48:12 [warning] [application] Failed to set unsafe attribute "lat" of "Location".
in /Users/sem0026/Documents/WebServer/yii/testdrive/protected/controllers/LocationController.php (64)
in /Users/sem0026/Documents/WebServer/yii/testdrive/index.php (13)
2020/01/23 09:48:12 [warning] [application] Failed to set unsafe attribute "lng" of "Location".
in /Users/sem0026/Documents/WebServer/yii/testdrive/protected/controllers/LocationController.php (64)
in /Users/sem0026/Documents/WebServer/yii/testdrive/index.php (13)
2020/01/23 09:51:13 [warning] [application] Failed to set unsafe attribute "lat" of "Location".
in /Users/sem0026/Documents/WebServer/yii/testdrive/protected/controllers/LocationController.php (64)
in /Users/sem0026/Documents/WebServer/yii/testdrive/index.php (13)
2020/01/23 09:51:13 [warning] [application] Failed to set unsafe attribute "lng" of "Location".
in /Users/sem0026/Documents/WebServer/yii/testdrive/protected/controllers/LocationController.php (64)
in /Users/sem0026/Documents/WebServer/yii/testdrive/index.php (13)
2020/01/23 09:52:46 [warning] [application] Failed to set unsafe attribute "lat" of "Location".
in /Users/sem0026/Documents/WebServer/yii/testdrive/protected/controllers/LocationController.php (64)
in /Users/sem0026/Documents/WebServer/yii/testdrive/index.php (13)
2020/01/23 09:52:46 [warning] [application] Failed to set unsafe attribute "lng" of "Location".
in /Users/sem0026/Documents/WebServer/yii/testdrive/protected/controllers/LocationController.php (64)
in /Users/sem0026/Documents/WebServer/yii/testdrive/index.php (13)
2020/01/23 09:54:39 [warning] [application] Failed to set unsafe attribute "lat" of "Location".
in /Users/sem0026/Documents/WebServer/yii/testdrive/protected/controllers/LocationController.php (64)
in /Users/sem0026/Documents/WebServer/yii/testdrive/index.php (13)
2020/01/23 09:54:39 [warning] [application] Failed to set unsafe attribute "lng" of "Location".
in /Users/sem0026/Documents/WebServer/yii/testdrive/protected/controllers/LocationController.php (64)
in /Users/sem0026/Documents/WebServer/yii/testdrive/index.php (13)
2020/01/23 09:56:07 [warning] [application] Failed to set unsafe attribute "lat" of "Location".
in /Users/sem0026/Documents/WebServer/yii/testdrive/protected/controllers/LocationController.php (64)
in /Users/sem0026/Documents/WebServer/yii/testdrive/index.php (13)
2020/01/23 09:56:07 [warning] [application] Failed to set unsafe attribute "lng" of "Location".
in /Users/sem0026/Documents/WebServer/yii/testdrive/protected/controllers/LocationController.php (64)
in /Users/sem0026/Documents/WebServer/yii/testdrive/index.php (13)
